{
  "/Users/raalencar/zaproutev2/server/src/health.controller.ts": {
    "path": "/Users/raalencar/zaproutev2/server/src/health.controller.ts",
    "statementMap": {
      "0": {
        "start": { "line": 1, "column": 0 },
        "end": { "line": 1, "column": 49 }
      },
      "1": {
        "start": { "line": 2, "column": 0 },
        "end": { "line": 2, "column": 49 }
      },
      "2": {
        "start": { "line": 5, "column": 7 },
        "end": { "line": 17, "column": null }
      },
      "3": {
        "start": { "line": 6, "column": 31 },
        "end": { "line": 6, "column": 39 }
      },
      "4": {
        "start": { "line": 10, "column": 4 },
        "end": { "line": 15, "column": 5 }
      },
      "5": {
        "start": { "line": 11, "column": 6 },
        "end": { "line": 11, "column": 53 }
      },
      "6": {
        "start": { "line": 12, "column": 6 },
        "end": { "line": 12, "column": 30 }
      },
      "7": {
        "start": { "line": 14, "column": 6 },
        "end": { "line": 14, "column": 53 }
      },
      "8": {
        "start": { "line": 5, "column": 13 },
        "end": { "line": 5, "column": 29 }
      },
      "9": {
        "start": { "line": 9, "column": 8 },
        "end": { "line": 16, "column": null }
      },
      "10": {
        "start": { "line": 5, "column": 13 },
        "end": { "line": 17, "column": null }
      }
    },
    "fnMap": {
      "0": {
        "name": "(anonymous_2)",
        "decl": {
          "start": { "line": 6, "column": 2 },
          "end": { "line": 6, "column": 31 }
        },
        "loc": {
          "start": { "line": 6, "column": 52 },
          "end": { "line": 6, "column": 56 }
        }
      },
      "1": {
        "name": "(anonymous_3)",
        "decl": {
          "start": { "line": 9, "column": 2 },
          "end": { "line": 9, "column": 7 }
        },
        "loc": {
          "start": { "line": 9, "column": 15 },
          "end": { "line": 16, "column": 3 }
        }
      }
    },
    "branchMap": {},
    "s": {
      "0": 0,
      "1": 0,
      "2": 0,
      "3": 0,
      "4": 0,
      "5": 0,
      "6": 0,
      "7": 0,
      "8": 0,
      "9": 0,
      "10": 0
    },
    "f": { "0": 0, "1": 0 },
    "b": {}
  },
  "/Users/raalencar/zaproutev2/server/src/security.controller.ts": {
    "path": "/Users/raalencar/zaproutev2/server/src/security.controller.ts",
    "statementMap": {
      "0": {
        "start": { "line": 1, "column": 0 },
        "end": { "line": 1, "column": 54 }
      },
      "1": {
        "start": { "line": 5, "column": 7 },
        "end": { "line": 17, "column": null }
      },
      "2": {
        "start": { "line": 12, "column": 8 },
        "end": { "line": 15, "column": 10 }
      },
      "3": {
        "start": { "line": 5, "column": 13 },
        "end": { "line": 5, "column": 31 }
      },
      "4": {
        "start": { "line": 11, "column": 4 },
        "end": { "line": 16, "column": null }
      },
      "5": {
        "start": { "line": 5, "column": 13 },
        "end": { "line": 17, "column": null }
      }
    },
    "fnMap": {
      "0": {
        "name": "(anonymous_4)",
        "decl": {
          "start": { "line": 11, "column": 4 },
          "end": { "line": 11, "column": 16 }
        },
        "loc": {
          "start": { "line": 11, "column": 36 },
          "end": { "line": 16, "column": 5 }
        }
      }
    },
    "branchMap": {},
    "s": { "0": 1, "1": 1, "2": 2, "3": 1, "4": 1, "5": 1 },
    "f": { "0": 2 },
    "b": {}
  },
  "/Users/raalencar/zaproutev2/server/src/setup.controller.ts": {
    "path": "/Users/raalencar/zaproutev2/server/src/setup.controller.ts",
    "statementMap": {
      "0": {
        "start": { "line": 1, "column": 0 },
        "end": { "line": 1, "column": 104 }
      },
      "1": {
        "start": { "line": 2, "column": 0 },
        "end": { "line": 2, "column": 49 }
      },
      "2": {
        "start": { "line": 3, "column": 0 },
        "end": { "line": 3, "column": 37 }
      },
      "3": {
        "start": { "line": 4, "column": 0 },
        "end": { "line": 4, "column": 35 }
      },
      "4": {
        "start": { "line": 7, "column": 7 },
        "end": { "line": 88, "column": null }
      },
      "5": {
        "start": { "line": 8, "column": 31 },
        "end": { "line": 8, "column": 39 }
      },
      "6": {
        "start": { "line": 12, "column": 21 },
        "end": { "line": 12, "column": 43 }
      },
      "7": {
        "start": { "line": 13, "column": 4 },
        "end": { "line": 15, "column": 5 }
      },
      "8": {
        "start": { "line": 14, "column": 6 },
        "end": { "line": 14, "column": 102 }
      },
      "9": {
        "start": { "line": 20, "column": 4 },
        "end": { "line": 20, "column": 28 }
      },
      "10": {
        "start": { "line": 21, "column": 4 },
        "end": { "line": 30, "column": 7 }
      },
      "11": {
        "start": { "line": 23, "column": 6 },
        "end": { "line": 29, "column": 9 }
      },
      "12": {
        "start": { "line": 24, "column": 8 },
        "end": { "line": 27, "column": 9 }
      },
      "13": {
        "start": { "line": 25, "column": 10 },
        "end": { "line": 25, "column": 68 }
      },
      "14": {
        "start": { "line": 26, "column": 10 },
        "end": { "line": 26, "column": 17 }
      },
      "15": {
        "start": { "line": 28, "column": 8 },
        "end": { "line": 28, "column": 43 }
      },
      "16": {
        "start": { "line": 35, "column": 4 },
        "end": { "line": 35, "column": 28 }
      },
      "17": {
        "start": { "line": 36, "column": 4 },
        "end": { "line": 86, "column": 5 }
      },
      "18": {
        "start": { "line": 37, "column": 6 },
        "end": { "line": 37, "column": 50 }
      },
      "19": {
        "start": { "line": 40, "column": 23 },
        "end": { "line": 40, "column": 39 }
      },
      "20": {
        "start": { "line": 41, "column": 21 },
        "end": { "line": 50, "column": 8 }
      },
      "21": {
        "start": { "line": 53, "column": 19 },
        "end": { "line": 53, "column": 43 }
      },
      "22": {
        "start": { "line": 54, "column": 29 },
        "end": { "line": 54, "column": 62 }
      },
      "23": {
        "start": { "line": 57, "column": 20 },
        "end": { "line": 57, "column": 40 }
      },
      "24": {
        "start": { "line": 60, "column": 19 },
        "end": { "line": 72, "column": 8 }
      },
      "25": {
        "start": { "line": 74, "column": 6 },
        "end": { "line": 78, "column": 8 }
      },
      "26": {
        "start": { "line": 81, "column": 6 },
        "end": { "line": 81, "column": 44 }
      },
      "27": {
        "start": { "line": 82, "column": 6 },
        "end": { "line": 85, "column": 8 }
      },
      "28": {
        "start": { "line": 7, "column": 13 },
        "end": { "line": 7, "column": 28 }
      },
      "29": {
        "start": { "line": 19, "column": 8 },
        "end": { "line": 31, "column": null }
      },
      "30": {
        "start": { "line": 34, "column": 8 },
        "end": { "line": 87, "column": null }
      },
      "31": {
        "start": { "line": 7, "column": 13 },
        "end": { "line": 88, "column": null }
      }
    },
    "fnMap": {
      "0": {
        "name": "(anonymous_4)",
        "decl": {
          "start": { "line": 8, "column": 2 },
          "end": { "line": 8, "column": 31 }
        },
        "loc": {
          "start": { "line": 8, "column": 52 },
          "end": { "line": 8, "column": 57 }
        }
      },
      "1": {
        "name": "(anonymous_5)",
        "decl": {
          "start": { "line": 10, "column": 10 },
          "end": { "line": 10, "column": 19 }
        },
        "loc": {
          "start": { "line": 10, "column": 32 },
          "end": { "line": 16, "column": 3 }
        }
      },
      "2": {
        "name": "(anonymous_6)",
        "decl": {
          "start": { "line": 19, "column": 2 },
          "end": { "line": 19, "column": 7 }
        },
        "loc": {
          "start": { "line": 19, "column": 45 },
          "end": { "line": 31, "column": 3 }
        }
      },
      "3": {
        "name": "(anonymous_7)",
        "decl": {
          "start": { "line": 21, "column": 23 },
          "end": { "line": 21, "column": 24 }
        },
        "loc": {
          "start": { "line": 21, "column": 43 },
          "end": { "line": 30, "column": 5 }
        }
      },
      "4": {
        "name": "(anonymous_8)",
        "decl": {
          "start": { "line": 23, "column": 47 },
          "end": { "line": 23, "column": 48 }
        },
        "loc": {
          "start": { "line": 23, "column": 73 },
          "end": { "line": 29, "column": 7 }
        }
      },
      "5": {
        "name": "(anonymous_9)",
        "decl": {
          "start": { "line": 34, "column": 2 },
          "end": { "line": 34, "column": 7 }
        },
        "loc": {
          "start": { "line": 34, "column": 43 },
          "end": { "line": 87, "column": 3 }
        }
      }
    },
    "branchMap": {
      "0": {
        "loc": {
          "start": { "line": 13, "column": 4 },
          "end": { "line": 15, "column": 5 }
        },
        "type": "if",
        "locations": [
          {
            "start": { "line": 13, "column": 4 },
            "end": { "line": 15, "column": 5 }
          }
        ]
      },
      "1": {
        "loc": {
          "start": { "line": 13, "column": 8 },
          "end": { "line": 13, "column": 55 }
        },
        "type": "binary-expr",
        "locations": [
          {
            "start": { "line": 13, "column": 8 },
            "end": { "line": 13, "column": 17 }
          },
          {
            "start": { "line": 13, "column": 21 },
            "end": { "line": 13, "column": 55 }
          }
        ]
      },
      "2": {
        "loc": {
          "start": { "line": 24, "column": 8 },
          "end": { "line": 27, "column": 9 }
        },
        "type": "if",
        "locations": [
          {
            "start": { "line": 24, "column": 8 },
            "end": { "line": 27, "column": 9 }
          }
        ]
      }
    },
    "s": {
      "0": 0,
      "1": 0,
      "2": 0,
      "3": 0,
      "4": 0,
      "5": 0,
      "6": 0,
      "7": 0,
      "8": 0,
      "9": 0,
      "10": 0,
      "11": 0,
      "12": 0,
      "13": 0,
      "14": 0,
      "15": 0,
      "16": 0,
      "17": 0,
      "18": 0,
      "19": 0,
      "20": 0,
      "21": 0,
      "22": 0,
      "23": 0,
      "24": 0,
      "25": 0,
      "26": 0,
      "27": 0,
      "28": 0,
      "29": 0,
      "30": 0,
      "31": 0
    },
    "f": { "0": 0, "1": 0, "2": 0, "3": 0, "4": 0, "5": 0 },
    "b": { "0": [0], "1": [0, 0], "2": [0] }
  },
  "/Users/raalencar/zaproutev2/server/src/ai/ai.controller.ts": {
    "path": "/Users/raalencar/zaproutev2/server/src/ai/ai.controller.ts",
    "statementMap": {
      "0": {
        "start": { "line": 1, "column": 0 },
        "end": { "line": 1, "column": 94 }
      },
      "1": {
        "start": { "line": 2, "column": 0 },
        "end": { "line": 2, "column": 41 }
      },
      "2": {
        "start": { "line": 3, "column": 0 },
        "end": { "line": 3, "column": 54 }
      },
      "3": {
        "start": { "line": 7, "column": 7 },
        "end": { "line": 23, "column": null }
      },
      "4": {
        "start": { "line": 8, "column": 33 },
        "end": { "line": 8, "column": 44 }
      },
      "5": {
        "start": { "line": 12, "column": 8 },
        "end": { "line": 14, "column": 9 }
      },
      "6": {
        "start": { "line": 13, "column": 12 },
        "end": { "line": 13, "column": 86 }
      },
      "7": {
        "start": { "line": 16, "column": 8 },
        "end": { "line": 21, "column": 9 }
      },
      "8": {
        "start": { "line": 17, "column": 29 },
        "end": { "line": 17, "column": 94 }
      },
      "9": {
        "start": { "line": 18, "column": 12 },
        "end": { "line": 18, "column": 32 }
      },
      "10": {
        "start": { "line": 20, "column": 12 },
        "end": { "line": 20, "column": 100 }
      },
      "11": {
        "start": { "line": 7, "column": 13 },
        "end": { "line": 7, "column": 25 }
      },
      "12": {
        "start": { "line": 11, "column": 10 },
        "end": { "line": 22, "column": null }
      },
      "13": {
        "start": { "line": 7, "column": 13 },
        "end": { "line": 23, "column": null }
      }
    },
    "fnMap": {
      "0": {
        "name": "(anonymous_4)",
        "decl": {
          "start": { "line": 8, "column": 4 },
          "end": { "line": 8, "column": 33 }
        },
        "loc": {
          "start": { "line": 8, "column": 53 },
          "end": { "line": 8, "column": 58 }
        }
      },
      "1": {
        "name": "(anonymous_5)",
        "decl": {
          "start": { "line": 11, "column": 4 },
          "end": { "line": 11, "column": 9 }
        },
        "loc": {
          "start": { "line": 11, "column": 66 },
          "end": { "line": 22, "column": 5 }
        }
      }
    },
    "branchMap": {
      "0": {
        "loc": {
          "start": { "line": 12, "column": 8 },
          "end": { "line": 14, "column": 9 }
        },
        "type": "if",
        "locations": [
          {
            "start": { "line": 12, "column": 8 },
            "end": { "line": 14, "column": 9 }
          }
        ]
      }
    },
    "s": {
      "0": 0,
      "1": 0,
      "2": 0,
      "3": 0,
      "4": 0,
      "5": 0,
      "6": 0,
      "7": 0,
      "8": 0,
      "9": 0,
      "10": 0,
      "11": 0,
      "12": 0,
      "13": 0
    },
    "f": { "0": 0, "1": 0 },
    "b": { "0": [0] }
  },
  "/Users/raalencar/zaproutev2/server/src/ai/ai.service.ts": {
    "path": "/Users/raalencar/zaproutev2/server/src/ai/ai.service.ts",
    "statementMap": {
      "0": {
        "start": { "line": 1, "column": 0 },
        "end": { "line": 1, "column": 52 }
      },
      "1": {
        "start": { "line": 2, "column": 0 },
        "end": { "line": 2, "column": 59 }
      },
      "2": {
        "start": { "line": 3, "column": 0 },
        "end": { "line": 3, "column": 26 }
      },
      "3": {
        "start": { "line": 4, "column": 0 },
        "end": { "line": 4, "column": 50 }
      },
      "4": {
        "start": { "line": 7, "column": 22 },
        "end": { "line": 271, "column": null }
      },
      "5": {
        "start": { "line": 11, "column": 22 },
        "end": { "line": 11, "column": 30 }
      },
      "6": {
        "start": { "line": 8, "column": 19 },
        "end": { "line": 8, "column": 55 }
      },
      "7": {
        "start": { "line": 12, "column": 19 },
        "end": { "line": 12, "column": 46 }
      },
      "8": {
        "start": { "line": 13, "column": 4 },
        "end": { "line": 17, "column": 5 }
      },
      "9": {
        "start": { "line": 14, "column": 6 },
        "end": { "line": 14, "column": 50 }
      },
      "10": {
        "start": { "line": 16, "column": 6 },
        "end": { "line": 16, "column": 64 }
      },
      "11": {
        "start": { "line": 21, "column": 4 },
        "end": { "line": 21, "column": 32 }
      },
      "12": {
        "start": { "line": 25, "column": 4 },
        "end": { "line": 33, "column": 5 }
      },
      "13": {
        "start": { "line": 26, "column": 6 },
        "end": { "line": 26, "column": 56 }
      },
      "14": {
        "start": { "line": 27, "column": 23 },
        "end": { "line": 27, "column": 81 }
      },
      "15": {
        "start": { "line": 28, "column": 26 },
        "end": { "line": 28, "column": 71 }
      },
      "16": {
        "start": { "line": 29, "column": 6 },
        "end": { "line": 29, "column": 121 }
      },
      "17": {
        "start": { "line": 31, "column": 6 },
        "end": { "line": 31, "column": 58 }
      },
      "18": {
        "start": { "line": 32, "column": 6 },
        "end": { "line": 32, "column": 72 }
      },
      "19": {
        "start": { "line": 37, "column": 4 },
        "end": { "line": 51, "column": 5 }
      },
      "20": {
        "start": { "line": 38, "column": 6 },
        "end": { "line": 38, "column": 57 }
      },
      "21": {
        "start": { "line": 39, "column": 23 },
        "end": { "line": 39, "column": 81 }
      },
      "22": {
        "start": { "line": 40, "column": 26 },
        "end": { "line": 40, "column": 71 }
      },
      "23": {
        "start": { "line": 41, "column": 23 },
        "end": { "line": 41, "column": 71 }
      },
      "24": {
        "start": { "line": 43, "column": 6 },
        "end": { "line": 47, "column": 8 }
      },
      "25": {
        "start": { "line": 49, "column": 6 },
        "end": { "line": 49, "column": 59 }
      },
      "26": {
        "start": { "line": 50, "column": 6 },
        "end": { "line": 50, "column": 73 }
      },
      "27": {
        "start": { "line": 55, "column": 4 },
        "end": { "line": 57, "column": 5 }
      },
      "28": {
        "start": { "line": 56, "column": 6 },
        "end": { "line": 56, "column": 49 }
      },
      "29": {
        "start": { "line": 58, "column": 4 },
        "end": { "line": 60, "column": 5 }
      },
      "30": {
        "start": { "line": 59, "column": 6 },
        "end": { "line": 59, "column": 43 }
      },
      "31": {
        "start": { "line": 61, "column": 4 },
        "end": { "line": 63, "column": 5 }
      },
      "32": {
        "start": { "line": 62, "column": 6 },
        "end": { "line": 62, "column": 38 }
      },
      "33": {
        "start": { "line": 64, "column": 4 },
        "end": { "line": 64, "column": 71 }
      },
      "34": {
        "start": { "line": 72, "column": 4 },
        "end": { "line": 75, "column": 5 }
      },
      "35": {
        "start": { "line": 73, "column": 6 },
        "end": { "line": 73, "column": 70 }
      },
      "36": {
        "start": { "line": 74, "column": 6 },
        "end": { "line": 74, "column": 67 }
      },
      "37": {
        "start": { "line": 78, "column": 26 },
        "end": { "line": 78, "column": 28 }
      },
      "38": {
        "start": { "line": 79, "column": 4 },
        "end": { "line": 94, "column": 5 }
      },
      "39": {
        "start": { "line": 80, "column": 23 },
        "end": { "line": 84, "column": 8 }
      },
      "40": {
        "start": { "line": 86, "column": 6 },
        "end": { "line": 91, "column": 7 }
      },
      "41": {
        "start": { "line": 87, "column": 8 },
        "end": { "line": 90, "column": 14 }
      },
      "42": {
        "start": { "line": 89, "column": 34 },
        "end": { "line": 89, "column": 90 }
      },
      "43": {
        "start": { "line": 93, "column": 6 },
        "end": { "line": 93, "column": 84 }
      },
      "44": {
        "start": { "line": 96, "column": 24 },
        "end": { "line": 96, "column": 87 }
      },
      "45": {
        "start": { "line": 98, "column": 4 },
        "end": { "line": 180, "column": 5 }
      },
      "46": {
        "start": { "line": 99, "column": 6 },
        "end": { "line": 179, "column": 7 }
      },
      "47": {
        "start": { "line": 100, "column": 22 },
        "end": { "line": 100, "column": 73 }
      },
      "48": {
        "start": { "line": 102, "column": 23 },
        "end": { "line": 146, "column": 14 }
      },
      "49": {
        "start": { "line": 148, "column": 29 },
        "end": { "line": 148, "column": 47 }
      },
      "50": {
        "start": { "line": 150, "column": 8 },
        "end": { "line": 152, "column": 9 }
      },
      "51": {
        "start": { "line": 151, "column": 10 },
        "end": { "line": 151, "column": 48 }
      },
      "52": {
        "start": { "line": 154, "column": 8 },
        "end": { "line": 154, "column": 66 }
      },
      "53": {
        "start": { "line": 156, "column": 23 },
        "end": { "line": 156, "column": 91 }
      },
      "54": {
        "start": { "line": 157, "column": 29 },
        "end": { "line": 157, "column": 51 }
      },
      "55": {
        "start": { "line": 159, "column": 8 },
        "end": { "line": 159, "column": 85 }
      },
      "56": {
        "start": { "line": 161, "column": 26 },
        "end": { "line": 161, "column": 89 }
      },
      "57": {
        "start": { "line": 162, "column": 8 },
        "end": { "line": 162, "column": 37 }
      },
      "58": {
        "start": { "line": 165, "column": 25 },
        "end": { "line": 165, "column": 48 }
      },
      "59": {
        "start": { "line": 166, "column": 23 },
        "end": { "line": 166, "column": 36 }
      },
      "60": {
        "start": { "line": 168, "column": 8 },
        "end": { "line": 171, "column": 9 }
      },
      "61": {
        "start": { "line": 169, "column": 10 },
        "end": { "line": 169, "column": 76 }
      },
      "62": {
        "start": { "line": 170, "column": 10 },
        "end": { "line": 170, "column": 66 }
      },
      "63": {
        "start": { "line": 173, "column": 8 },
        "end": { "line": 176, "column": 9 }
      },
      "64": {
        "start": { "line": 174, "column": 10 },
        "end": { "line": 174, "column": 89 }
      },
      "65": {
        "start": { "line": 175, "column": 10 },
        "end": { "line": 175, "column": 19 }
      },
      "66": {
        "start": { "line": 178, "column": 8 },
        "end": { "line": 178, "column": 85 }
      },
      "67": {
        "start": { "line": 182, "column": 4 },
        "end": { "line": 182, "column": 74 }
      },
      "68": {
        "start": { "line": 183, "column": 4 },
        "end": { "line": 183, "column": 59 }
      },
      "69": {
        "start": { "line": 186, "column": 4 },
        "end": { "line": 188, "column": 5 }
      },
      "70": {
        "start": { "line": 187, "column": 6 },
        "end": { "line": 187, "column": 87 }
      },
      "71": {
        "start": { "line": 190, "column": 18 },
        "end": { "line": 190, "column": 78 }
      },
      "72": {
        "start": { "line": 192, "column": 19 },
        "end": { "line": 215, "column": 6 }
      },
      "73": {
        "start": { "line": 204, "column": 75 },
        "end": { "line": 204, "column": 83 }
      },
      "74": {
        "start": { "line": 217, "column": 4 },
        "end": { "line": 223, "column": 5 }
      },
      "75": {
        "start": { "line": 218, "column": 21 },
        "end": { "line": 218, "column": 56 }
      },
      "76": {
        "start": { "line": 219, "column": 6 },
        "end": { "line": 219, "column": 36 }
      },
      "77": {
        "start": { "line": 221, "column": 6 },
        "end": { "line": 221, "column": 52 }
      },
      "78": {
        "start": { "line": 222, "column": 6 },
        "end": { "line": 222, "column": 82 }
      },
      "79": {
        "start": { "line": 227, "column": 4 },
        "end": { "line": 229, "column": 5 }
      },
      "80": {
        "start": { "line": 228, "column": 6 },
        "end": { "line": 228, "column": 56 }
      },
      "81": {
        "start": { "line": 231, "column": 18 },
        "end": { "line": 231, "column": 78 }
      },
      "82": {
        "start": { "line": 233, "column": 25 },
        "end": { "line": 254, "column": 6 }
      },
      "83": {
        "start": { "line": 256, "column": 4 },
        "end": { "line": 269, "column": 5 }
      },
      "84": {
        "start": { "line": 257, "column": 19 },
        "end": { "line": 262, "column": 8 }
      },
      "85": {
        "start": { "line": 264, "column": 21 },
        "end": { "line": 264, "column": 52 }
      },
      "86": {
        "start": { "line": 265, "column": 6 },
        "end": { "line": 265, "column": 36 }
      },
      "87": {
        "start": { "line": 267, "column": 6 },
        "end": { "line": 267, "column": 57 }
      },
      "88": {
        "start": { "line": 268, "column": 6 },
        "end": { "line": 268, "column": 71 }
      },
      "89": {
        "start": { "line": 7, "column": 13 },
        "end": { "line": 7, "column": 22 }
      },
      "90": {
        "start": { "line": 7, "column": 13 },
        "end": { "line": 271, "column": null }
      }
    },
    "fnMap": {
      "0": {
        "name": "(anonymous_2)",
        "decl": {
          "start": { "line": 11, "column": 2 },
          "end": { "line": 11, "column": 22 }
        },
        "loc": {
          "start": { "line": 11, "column": 43 },
          "end": { "line": 18, "column": 3 }
        }
      },
      "1": {
        "name": "(anonymous_3)",
        "decl": {
          "start": { "line": 20, "column": 2 },
          "end": { "line": 20, "column": 7 }
        },
        "loc": {
          "start": { "line": 20, "column": 34 },
          "end": { "line": 22, "column": 3 }
        }
      },
      "2": {
        "name": "(anonymous_4)",
        "decl": {
          "start": { "line": 24, "column": 2 },
          "end": { "line": 24, "column": 7 }
        },
        "loc": {
          "start": { "line": 24, "column": 39 },
          "end": { "line": 34, "column": 3 }
        }
      },
      "3": {
        "name": "(anonymous_5)",
        "decl": {
          "start": { "line": 36, "column": 2 },
          "end": { "line": 36, "column": 7 }
        },
        "loc": {
          "start": { "line": 36, "column": 61 },
          "end": { "line": 52, "column": 3 }
        }
      },
      "4": {
        "name": "(anonymous_6)",
        "decl": {
          "start": { "line": 54, "column": 2 },
          "end": { "line": 54, "column": 7 }
        },
        "loc": {
          "start": { "line": 54, "column": 92 },
          "end": { "line": 65, "column": 3 }
        }
      },
      "5": {
        "name": "(anonymous_7)",
        "decl": {
          "start": { "line": 67, "column": 10 },
          "end": { "line": 67, "column": 15 }
        },
        "loc": {
          "start": { "line": 70, "column": 50 },
          "end": { "line": 184, "column": 3 }
        }
      },
      "6": {
        "name": "(anonymous_8)",
        "decl": {
          "start": { "line": 89, "column": 29 },
          "end": { "line": 89, "column": 30 }
        },
        "loc": {
          "start": { "line": 89, "column": 34 },
          "end": { "line": 89, "column": 90 }
        }
      },
      "7": {
        "name": "(anonymous_9)",
        "decl": {
          "start": { "line": 185, "column": 2 },
          "end": { "line": 185, "column": 7 }
        },
        "loc": {
          "start": { "line": 185, "column": 63 },
          "end": { "line": 224, "column": 3 }
        }
      },
      "8": {
        "name": "(anonymous_10)",
        "decl": {
          "start": { "line": 204, "column": 63 },
          "end": { "line": 204, "column": 64 }
        },
        "loc": {
          "start": { "line": 204, "column": 75 },
          "end": { "line": 204, "column": 83 }
        }
      },
      "9": {
        "name": "(anonymous_11)",
        "decl": {
          "start": { "line": 226, "column": 2 },
          "end": { "line": 226, "column": 7 }
        },
        "loc": {
          "start": { "line": 226, "column": 62 },
          "end": { "line": 270, "column": 3 }
        }
      }
    },
    "branchMap": {
      "0": {
        "loc": {
          "start": { "line": 13, "column": 4 },
          "end": { "line": 17, "column": 5 }
        },
        "type": "if",
        "locations": [
          {
            "start": { "line": 13, "column": 4 },
            "end": { "line": 17, "column": 5 }
          },
          {
            "start": { "line": 15, "column": 11 },
            "end": { "line": 17, "column": 5 }
          }
        ]
      },
      "1": {
        "loc": {
          "start": { "line": 36, "column": 41 },
          "end": { "line": 36, "column": 61 }
        },
        "type": "default-arg",
        "locations": [
          {
            "start": { "line": 36, "column": 59 },
            "end": { "line": 36, "column": 61 }
          }
        ]
      },
      "2": {
        "loc": {
          "start": { "line": 41, "column": 23 },
          "end": { "line": 41, "column": 71 }
        },
        "type": "binary-expr",
        "locations": [
          {
            "start": { "line": 41, "column": 23 },
            "end": { "line": 41, "column": 55 }
          },
          {
            "start": { "line": 41, "column": 59 },
            "end": { "line": 41, "column": 71 }
          }
        ]
      },
      "3": {
        "loc": {
          "start": { "line": 55, "column": 4 },
          "end": { "line": 57, "column": 5 }
        },
        "type": "if",
        "locations": [
          {
            "start": { "line": 55, "column": 4 },
            "end": { "line": 57, "column": 5 }
          }
        ]
      },
      "4": {
        "loc": {
          "start": { "line": 58, "column": 4 },
          "end": { "line": 60, "column": 5 }
        },
        "type": "if",
        "locations": [
          {
            "start": { "line": 58, "column": 4 },
            "end": { "line": 60, "column": 5 }
          }
        ]
      },
      "5": {
        "loc": {
          "start": { "line": 61, "column": 4 },
          "end": { "line": 63, "column": 5 }
        },
        "type": "if",
        "locations": [
          {
            "start": { "line": 61, "column": 4 },
            "end": { "line": 63, "column": 5 }
          }
        ]
      },
      "6": {
        "loc": {
          "start": { "line": 72, "column": 4 },
          "end": { "line": 75, "column": 5 }
        },
        "type": "if",
        "locations": [
          {
            "start": { "line": 72, "column": 4 },
            "end": { "line": 75, "column": 5 }
          }
        ]
      },
      "7": {
        "loc": {
          "start": { "line": 86, "column": 6 },
          "end": { "line": 91, "column": 7 }
        },
        "type": "if",
        "locations": [
          {
            "start": { "line": 86, "column": 6 },
            "end": { "line": 91, "column": 7 }
          }
        ]
      },
      "8": {
        "loc": {
          "start": { "line": 150, "column": 8 },
          "end": { "line": 152, "column": 9 }
        },
        "type": "if",
        "locations": [
          {
            "start": { "line": 150, "column": 8 },
            "end": { "line": 152, "column": 9 }
          }
        ]
      },
      "9": {
        "loc": {
          "start": { "line": 165, "column": 25 },
          "end": { "line": 165, "column": 48 }
        },
        "type": "binary-expr",
        "locations": [
          {
            "start": { "line": 165, "column": 25 },
            "end": { "line": 165, "column": 42 }
          },
          {
            "start": { "line": 165, "column": 46 },
            "end": { "line": 165, "column": 48 }
          }
        ]
      },
      "10": {
        "loc": {
          "start": { "line": 168, "column": 8 },
          "end": { "line": 171, "column": 9 }
        },
        "type": "if",
        "locations": [
          {
            "start": { "line": 168, "column": 8 },
            "end": { "line": 171, "column": 9 }
          }
        ]
      },
      "11": {
        "loc": {
          "start": { "line": 168, "column": 12 },
          "end": { "line": 168, "column": 54 }
        },
        "type": "binary-expr",
        "locations": [
          {
            "start": { "line": 168, "column": 12 },
            "end": { "line": 168, "column": 26 }
          },
          {
            "start": { "line": 168, "column": 30 },
            "end": { "line": 168, "column": 54 }
          }
        ]
      },
      "12": {
        "loc": {
          "start": { "line": 173, "column": 8 },
          "end": { "line": 176, "column": 9 }
        },
        "type": "if",
        "locations": [
          {
            "start": { "line": 173, "column": 8 },
            "end": { "line": 176, "column": 9 }
          }
        ]
      },
      "13": {
        "loc": {
          "start": { "line": 173, "column": 12 },
          "end": { "line": 173, "column": 54 }
        },
        "type": "binary-expr",
        "locations": [
          {
            "start": { "line": 173, "column": 12 },
            "end": { "line": 173, "column": 26 }
          },
          {
            "start": { "line": 173, "column": 30 },
            "end": { "line": 173, "column": 54 }
          }
        ]
      },
      "14": {
        "loc": {
          "start": { "line": 178, "column": 58 },
          "end": { "line": 178, "column": 81 }
        },
        "type": "binary-expr",
        "locations": [
          {
            "start": { "line": 178, "column": 58 },
            "end": { "line": 178, "column": 72 }
          },
          {
            "start": { "line": 178, "column": 76 },
            "end": { "line": 178, "column": 81 }
          }
        ]
      },
      "15": {
        "loc": {
          "start": { "line": 186, "column": 4 },
          "end": { "line": 188, "column": 5 }
        },
        "type": "if",
        "locations": [
          {
            "start": { "line": 186, "column": 4 },
            "end": { "line": 188, "column": 5 }
          }
        ]
      },
      "16": {
        "loc": {
          "start": { "line": 204, "column": 8 },
          "end": { "line": 204, "column": 127 }
        },
        "type": "cond-expr",
        "locations": [
          {
            "start": { "line": 204, "column": 40 },
            "end": { "line": 204, "column": 95 }
          },
          {
            "start": { "line": 204, "column": 98 },
            "end": { "line": 204, "column": 127 }
          }
        ]
      },
      "17": {
        "loc": {
          "start": { "line": 226, "column": 42 },
          "end": { "line": 226, "column": 62 }
        },
        "type": "default-arg",
        "locations": [
          {
            "start": { "line": 226, "column": 60 },
            "end": { "line": 226, "column": 62 }
          }
        ]
      },
      "18": {
        "loc": {
          "start": { "line": 227, "column": 4 },
          "end": { "line": 229, "column": 5 }
        },
        "type": "if",
        "locations": [
          {
            "start": { "line": 227, "column": 4 },
            "end": { "line": 229, "column": 5 }
          }
        ]
      }
    },
    "s": {
      "0": 2,
      "1": 2,
      "2": 2,
      "3": 2,
      "4": 2,
      "5": 13,
      "6": 13,
      "7": 13,
      "8": 13,
      "9": 13,
      "10": 0,
      "11": 3,
      "12": 2,
      "13": 2,
      "14": 2,
      "15": 1,
      "16": 1,
      "17": 1,
      "18": 1,
      "19": 1,
      "20": 1,
      "21": 1,
      "22": 1,
      "23": 1,
      "24": 1,
      "25": 0,
      "26": 0,
      "27": 3,
      "28": 1,
      "29": 2,
      "30": 1,
      "31": 1,
      "32": 1,
      "33": 0,
      "34": 5,
      "35": 0,
      "36": 0,
      "37": 5,
      "38": 5,
      "39": 5,
      "40": 5,
      "41": 3,
      "42": 3,
      "43": 0,
      "44": 5,
      "45": 5,
      "46": 8,
      "47": 8,
      "48": 8,
      "49": 8,
      "50": 8,
      "51": 2,
      "52": 8,
      "53": 8,
      "54": 4,
      "55": 4,
      "56": 4,
      "57": 4,
      "58": 4,
      "59": 4,
      "60": 4,
      "61": 0,
      "62": 0,
      "63": 4,
      "64": 1,
      "65": 1,
      "66": 3,
      "67": 1,
      "68": 1,
      "69": 1,
      "70": 0,
      "71": 1,
      "72": 1,
      "73": 0,
      "74": 1,
      "75": 1,
      "76": 1,
      "77": 0,
      "78": 0,
      "79": 2,
      "80": 0,
      "81": 2,
      "82": 2,
      "83": 2,
      "84": 2,
      "85": 2,
      "86": 1,
      "87": 1,
      "88": 1,
      "89": 2,
      "90": 2
    },
    "f": {
      "0": 13,
      "1": 3,
      "2": 2,
      "3": 1,
      "4": 3,
      "5": 5,
      "6": 3,
      "7": 1,
      "8": 0,
      "9": 2
    },
    "b": {
      "0": [13, 0],
      "1": [0],
      "2": [1, 0],
      "3": [1],
      "4": [1],
      "5": [1],
      "6": [0],
      "7": [3],
      "8": [2],
      "9": [4, 0],
      "10": [0],
      "11": [4, 4],
      "12": [1],
      "13": [4, 3],
      "14": [3, 0],
      "15": [0],
      "16": [0, 1],
      "17": [1],
      "18": [0]
    }
  },
  "/Users/raalencar/zaproutev2/server/src/auth/auth.controller.ts": {
    "path": "/Users/raalencar/zaproutev2/server/src/auth/auth.controller.ts",
    "statementMap": {
      "0": {
        "start": { "line": 1, "column": 0 },
        "end": { "line": 1, "column": 83 }
      },
      "1": {
        "start": { "line": 2, "column": 0 },
        "end": { "line": 2, "column": 45 }
      },
      "2": {
        "start": { "line": 3, "column": 0 },
        "end": { "line": 3, "column": 45 }
      },
      "3": {
        "start": { "line": 4, "column": 0 },
        "end": { "line": 4, "column": 65 }
      },
      "4": {
        "start": { "line": 8, "column": 7 },
        "end": { "line": 42, "column": null }
      },
      "5": {
        "start": { "line": 9, "column": 31 },
        "end": { "line": 9, "column": 44 }
      },
      "6": {
        "start": { "line": 16, "column": 17 },
        "end": { "line": 16, "column": 79 }
      },
      "7": {
        "start": { "line": 17, "column": 4 },
        "end": { "line": 19, "column": 5 }
      },
      "8": {
        "start": { "line": 18, "column": 6 },
        "end": { "line": 18, "column": 85 }
      },
      "9": {
        "start": { "line": 20, "column": 4 },
        "end": { "line": 20, "column": 40 }
      },
      "10": {
        "start": { "line": 28, "column": 4 },
        "end": { "line": 28, "column": 55 }
      },
      "11": {
        "start": { "line": 36, "column": 4 },
        "end": { "line": 40, "column": 5 }
      },
      "12": {
        "start": { "line": 37, "column": 6 },
        "end": { "line": 37, "column": 77 }
      },
      "13": {
        "start": { "line": 39, "column": 6 },
        "end": { "line": 39, "column": 69 }
      },
      "14": {
        "start": { "line": 8, "column": 13 },
        "end": { "line": 8, "column": 27 }
      },
      "15": {
        "start": { "line": 15, "column": 8 },
        "end": { "line": 21, "column": null }
      },
      "16": {
        "start": { "line": 27, "column": 8 },
        "end": { "line": 29, "column": null }
      },
      "17": {
        "start": { "line": 35, "column": 8 },
        "end": { "line": 41, "column": null }
      },
      "18": {
        "start": { "line": 8, "column": 13 },
        "end": { "line": 42, "column": null }
      }
    },
    "fnMap": {
      "0": {
        "name": "(anonymous_4)",
        "decl": {
          "start": { "line": 9, "column": 2 },
          "end": { "line": 9, "column": 31 }
        },
        "loc": {
          "start": { "line": 9, "column": 55 },
          "end": { "line": 9, "column": 60 }
        }
      },
      "1": {
        "name": "(anonymous_5)",
        "decl": {
          "start": { "line": 15, "column": 2 },
          "end": { "line": 15, "column": 7 }
        },
        "loc": {
          "start": { "line": 15, "column": 31 },
          "end": { "line": 21, "column": 3 }
        }
      },
      "2": {
        "name": "(anonymous_6)",
        "decl": {
          "start": { "line": 27, "column": 2 },
          "end": { "line": 27, "column": 7 }
        },
        "loc": {
          "start": { "line": 27, "column": 54 },
          "end": { "line": 29, "column": 3 }
        }
      },
      "3": {
        "name": "(anonymous_7)",
        "decl": {
          "start": { "line": 35, "column": 2 },
          "end": { "line": 35, "column": 7 }
        },
        "loc": {
          "start": { "line": 35, "column": 71 },
          "end": { "line": 41, "column": 3 }
        }
      }
    },
    "branchMap": {
      "0": {
        "loc": {
          "start": { "line": 17, "column": 4 },
          "end": { "line": 19, "column": 5 }
        },
        "type": "if",
        "locations": [
          {
            "start": { "line": 17, "column": 4 },
            "end": { "line": 19, "column": 5 }
          }
        ]
      }
    },
    "s": {
      "0": 0,
      "1": 0,
      "2": 0,
      "3": 0,
      "4": 0,
      "5": 0,
      "6": 0,
      "7": 0,
      "8": 0,
      "9": 0,
      "10": 0,
      "11": 0,
      "12": 0,
      "13": 0,
      "14": 0,
      "15": 0,
      "16": 0,
      "17": 0,
      "18": 0
    },
    "f": { "0": 0, "1": 0, "2": 0, "3": 0 },
    "b": { "0": [0] }
  },
  "/Users/raalencar/zaproutev2/server/src/auth/auth.service.ts": {
    "path": "/Users/raalencar/zaproutev2/server/src/auth/auth.service.ts",
    "statementMap": {
      "0": {
        "start": { "line": 1, "column": 0 },
        "end": { "line": 1, "column": 84 }
      },
      "1": {
        "start": { "line": 2, "column": 0 },
        "end": { "line": 2, "column": 41 }
      },
      "2": {
        "start": { "line": 3, "column": 0 },
        "end": { "line": 3, "column": 50 }
      },
      "3": {
        "start": { "line": 4, "column": 0 },
        "end": { "line": 4, "column": 35 }
      },
      "4": {
        "start": { "line": 5, "column": 0 },
        "end": { "line": 5, "column": 51 }
      },
      "5": {
        "start": { "line": 6, "column": 0 },
        "end": { "line": 6, "column": 36 }
      },
      "6": {
        "start": { "line": 9, "column": 7 },
        "end": { "line": 113, "column": null }
      },
      "7": {
        "start": { "line": 11, "column": 12 },
        "end": { "line": 11, "column": 20 }
      },
      "8": {
        "start": { "line": 12, "column": 12 },
        "end": { "line": 12, "column": 24 }
      },
      "9": {
        "start": { "line": 13, "column": 12 },
        "end": { "line": 13, "column": 25 }
      },
      "10": {
        "start": { "line": 20, "column": 17 },
        "end": { "line": 23, "column": 6 }
      },
      "11": {
        "start": { "line": 25, "column": 4 },
        "end": { "line": 25, "column": 45 }
      },
      "12": {
        "start": { "line": 25, "column": 33 },
        "end": { "line": 25, "column": 45 }
      },
      "13": {
        "start": { "line": 27, "column": 20 },
        "end": { "line": 27, "column": 61 }
      },
      "14": {
        "start": { "line": 28, "column": 4 },
        "end": { "line": 28, "column": 30 }
      },
      "15": {
        "start": { "line": 28, "column": 18 },
        "end": { "line": 28, "column": 30 }
      },
      "16": {
        "start": { "line": 30, "column": 36 },
        "end": { "line": 30, "column": 40 }
      },
      "17": {
        "start": { "line": 31, "column": 4 },
        "end": { "line": 31, "column": 18 }
      },
      "18": {
        "start": { "line": 36, "column": 20 },
        "end": { "line": 41, "column": 6 }
      },
      "19": {
        "start": { "line": 43, "column": 4 },
        "end": { "line": 53, "column": 6 }
      },
      "20": {
        "start": { "line": 59, "column": 17 },
        "end": { "line": 59, "column": 81 }
      },
      "21": {
        "start": { "line": 62, "column": 4 },
        "end": { "line": 62, "column": 88 }
      },
      "22": {
        "start": { "line": 62, "column": 15 },
        "end": { "line": 62, "column": 88 }
      },
      "23": {
        "start": { "line": 65, "column": 18 },
        "end": { "line": 65, "column": 26 }
      },
      "24": {
        "start": { "line": 66, "column": 20 },
        "end": { "line": 66, "column": 30 }
      },
      "25": {
        "start": { "line": 67, "column": 4 },
        "end": { "line": 67, "column": 45 }
      },
      "26": {
        "start": { "line": 70, "column": 4 },
        "end": { "line": 76, "column": 7 }
      },
      "27": {
        "start": { "line": 79, "column": 4 },
        "end": { "line": 81, "column": 7 }
      },
      "28": {
        "start": { "line": 80, "column": 8 },
        "end": { "line": 80, "column": 68 }
      },
      "29": {
        "start": { "line": 83, "column": 4 },
        "end": { "line": 83, "column": 77 }
      },
      "30": {
        "start": { "line": 88, "column": 17 },
        "end": { "line": 93, "column": 6 }
      },
      "31": {
        "start": { "line": 95, "column": 4 },
        "end": { "line": 97, "column": 5 }
      },
      "32": {
        "start": { "line": 96, "column": 8 },
        "end": { "line": 96, "column": 69 }
      },
      "33": {
        "start": { "line": 99, "column": 27 },
        "end": { "line": 99, "column": 61 }
      },
      "34": {
        "start": { "line": 102, "column": 4 },
        "end": { "line": 109, "column": 7 }
      },
      "35": {
        "start": { "line": 111, "column": 4 },
        "end": { "line": 111, "column": 83 }
      },
      "36": {
        "start": { "line": 9, "column": 13 },
        "end": { "line": 9, "column": 24 }
      },
      "37": {
        "start": { "line": 9, "column": 13 },
        "end": { "line": 113, "column": null }
      }
    },
    "fnMap": {
      "0": {
        "name": "(anonymous_3)",
        "decl": {
          "start": { "line": 19, "column": 2 },
          "end": { "line": 19, "column": 7 }
        },
        "loc": {
          "start": { "line": 19, "column": 48 },
          "end": { "line": 32, "column": 3 }
        }
      },
      "1": {
        "name": "(anonymous_4)",
        "decl": {
          "start": { "line": 35, "column": 2 },
          "end": { "line": 35, "column": 7 }
        },
        "loc": {
          "start": { "line": 35, "column": 23 },
          "end": { "line": 54, "column": 3 }
        }
      },
      "2": {
        "name": "(anonymous_5)",
        "decl": {
          "start": { "line": 58, "column": 2 },
          "end": { "line": 58, "column": 7 }
        },
        "loc": {
          "start": { "line": 58, "column": 36 },
          "end": { "line": 84, "column": 3 }
        }
      },
      "3": {
        "name": "(anonymous_6)",
        "decl": {
          "start": { "line": 79, "column": 66 },
          "end": { "line": 79, "column": 67 }
        },
        "loc": {
          "start": { "line": 79, "column": 79 },
          "end": { "line": 81, "column": 5 }
        }
      },
      "4": {
        "name": "(anonymous_7)",
        "decl": {
          "start": { "line": 86, "column": 2 },
          "end": { "line": 86, "column": 7 }
        },
        "loc": {
          "start": { "line": 86, "column": 56 },
          "end": { "line": 112, "column": 3 }
        }
      }
    },
    "branchMap": {
      "0": {
        "loc": {
          "start": { "line": 25, "column": 4 },
          "end": { "line": 25, "column": 45 }
        },
        "type": "if",
        "locations": [
          {
            "start": { "line": 25, "column": 4 },
            "end": { "line": 25, "column": 45 }
          }
        ]
      },
      "1": {
        "loc": {
          "start": { "line": 25, "column": 8 },
          "end": { "line": 25, "column": 31 }
        },
        "type": "binary-expr",
        "locations": [
          {
            "start": { "line": 25, "column": 8 },
            "end": { "line": 25, "column": 13 }
          },
          {
            "start": { "line": 25, "column": 17 },
            "end": { "line": 25, "column": 31 }
          }
        ]
      },
      "2": {
        "loc": {
          "start": { "line": 28, "column": 4 },
          "end": { "line": 28, "column": 30 }
        },
        "type": "if",
        "locations": [
          {
            "start": { "line": 28, "column": 4 },
            "end": { "line": 28, "column": 30 }
          }
        ]
      },
      "3": {
        "loc": {
          "start": { "line": 62, "column": 4 },
          "end": { "line": 62, "column": 88 }
        },
        "type": "if",
        "locations": [
          {
            "start": { "line": 62, "column": 4 },
            "end": { "line": 62, "column": 88 }
          }
        ]
      },
      "4": {
        "loc": {
          "start": { "line": 95, "column": 4 },
          "end": { "line": 97, "column": 5 }
        },
        "type": "if",
        "locations": [
          {
            "start": { "line": 95, "column": 4 },
            "end": { "line": 97, "column": 5 }
          }
        ]
      }
    },
    "s": {
      "0": 1,
      "1": 1,
      "2": 1,
      "3": 1,
      "4": 1,
      "5": 1,
      "6": 1,
      "7": 6,
      "8": 6,
      "9": 6,
      "10": 3,
      "11": 3,
      "12": 1,
      "13": 2,
      "14": 2,
      "15": 1,
      "16": 1,
      "17": 1,
      "18": 1,
      "19": 1,
      "20": 2,
      "21": 2,
      "22": 1,
      "23": 1,
      "24": 1,
      "25": 1,
      "26": 1,
      "27": 1,
      "28": 0,
      "29": 1,
      "30": 0,
      "31": 0,
      "32": 0,
      "33": 0,
      "34": 0,
      "35": 0,
      "36": 1,
      "37": 1
    },
    "f": { "0": 3, "1": 1, "2": 2, "3": 0, "4": 0 },
    "b": { "0": [1], "1": [3, 2], "2": [1], "3": [1], "4": [0] }
  },
  "/Users/raalencar/zaproutev2/server/src/auth/jwt-auth.guard.ts": {
    "path": "/Users/raalencar/zaproutev2/server/src/auth/jwt-auth.guard.ts",
    "statementMap": {
      "0": {
        "start": { "line": 1, "column": 0 },
        "end": { "line": 1, "column": 44 }
      },
      "1": {
        "start": { "line": 2, "column": 0 },
        "end": { "line": 2, "column": 45 }
      },
      "2": {
        "start": { "line": 5, "column": 7 },
        "end": { "line": 5, "column": null }
      },
      "3": {
        "start": { "line": 5, "column": 13 },
        "end": { "line": 5, "column": 25 }
      },
      "4": {
        "start": { "line": 5, "column": 13 },
        "end": { "line": 5, "column": null }
      }
    },
    "fnMap": {},
    "branchMap": {},
    "s": { "0": 0, "1": 0, "2": 0, "3": 0, "4": 0 },
    "f": {},
    "b": {}
  },
  "/Users/raalencar/zaproutev2/server/src/auth/jwt.strategy.ts": {
    "path": "/Users/raalencar/zaproutev2/server/src/auth/jwt.strategy.ts",
    "statementMap": {
      "0": {
        "start": { "line": 1, "column": 0 },
        "end": { "line": 1, "column": 52 }
      },
      "1": {
        "start": { "line": 2, "column": 0 },
        "end": { "line": 2, "column": 52 }
      },
      "2": {
        "start": { "line": 3, "column": 0 },
        "end": { "line": 3, "column": 44 }
      },
      "3": {
        "start": { "line": 4, "column": 0 },
        "end": { "line": 4, "column": 47 }
      },
      "4": {
        "start": { "line": 7, "column": 7 },
        "end": { "line": 19, "column": null }
      },
      "5": {
        "start": { "line": 9, "column": 4 },
        "end": { "line": 13, "column": 7 }
      },
      "6": {
        "start": { "line": 8, "column": 22 },
        "end": { "line": 8, "column": 37 }
      },
      "7": {
        "start": { "line": 17, "column": 4 },
        "end": { "line": 17, "column": 105 }
      },
      "8": {
        "start": { "line": 7, "column": 13 },
        "end": { "line": 7, "column": 24 }
      },
      "9": {
        "start": { "line": 7, "column": 13 },
        "end": { "line": 19, "column": null }
      }
    },
    "fnMap": {
      "0": {
        "name": "(anonymous_2)",
        "decl": {
          "start": { "line": 8, "column": 2 },
          "end": { "line": 8, "column": 22 }
        },
        "loc": {
          "start": { "line": 8, "column": 50 },
          "end": { "line": 14, "column": 3 }
        }
      },
      "1": {
        "name": "(anonymous_3)",
        "decl": {
          "start": { "line": 16, "column": 2 },
          "end": { "line": 16, "column": 7 }
        },
        "loc": {
          "start": { "line": 16, "column": 29 },
          "end": { "line": 18, "column": 3 }
        }
      }
    },
    "branchMap": {},
    "s": {
      "0": 0,
      "1": 0,
      "2": 0,
      "3": 0,
      "4": 0,
      "5": 0,
      "6": 0,
      "7": 0,
      "8": 0,
      "9": 0
    },
    "f": { "0": 0, "1": 0 },
    "b": {}
  },
  "/Users/raalencar/zaproutev2/server/src/backoffice/backoffice.controller.ts": {
    "path": "/Users/raalencar/zaproutev2/server/src/backoffice/backoffice.controller.ts",
    "statementMap": {
      "0": {
        "start": { "line": 1, "column": 0 },
        "end": { "line": 1, "column": 86 }
      },
      "1": {
        "start": { "line": 2, "column": 0 },
        "end": { "line": 2, "column": 57 }
      },
      "2": {
        "start": { "line": 3, "column": 0 },
        "end": { "line": 3, "column": 54 }
      },
      "3": {
        "start": { "line": 4, "column": 0 },
        "end": { "line": 4, "column": 54 }
      },
      "4": {
        "start": { "line": 5, "column": 0 },
        "end": { "line": 5, "column": 71 }
      },
      "5": {
        "start": { "line": 11, "column": 7 },
        "end": { "line": 37, "column": null }
      },
      "6": {
        "start": { "line": 12, "column": 33 },
        "end": { "line": 12, "column": 52 }
      },
      "7": {
        "start": { "line": 17, "column": 8 },
        "end": { "line": 17, "column": 54 }
      },
      "8": {
        "start": { "line": 23, "column": 8 },
        "end": { "line": 23, "column": 57 }
      },
      "9": {
        "start": { "line": 29, "column": 8 },
        "end": { "line": 29, "column": 69 }
      },
      "10": {
        "start": { "line": 35, "column": 8 },
        "end": { "line": 35, "column": 61 }
      },
      "11": {
        "start": { "line": 11, "column": 13 },
        "end": { "line": 11, "column": 33 }
      },
      "12": {
        "start": { "line": 16, "column": 10 },
        "end": { "line": 18, "column": null }
      },
      "13": {
        "start": { "line": 22, "column": 10 },
        "end": { "line": 24, "column": null }
      },
      "14": {
        "start": { "line": 28, "column": 10 },
        "end": { "line": 30, "column": null }
      },
      "15": {
        "start": { "line": 34, "column": 10 },
        "end": { "line": 36, "column": null }
      },
      "16": {
        "start": { "line": 11, "column": 13 },
        "end": { "line": 37, "column": null }
      }
    },
    "fnMap": {
      "0": {
        "name": "(anonymous_4)",
        "decl": {
          "start": { "line": 12, "column": 4 },
          "end": { "line": 12, "column": 33 }
        },
        "loc": {
          "start": { "line": 12, "column": 69 },
          "end": { "line": 12, "column": 74 }
        }
      },
      "1": {
        "name": "(anonymous_5)",
        "decl": {
          "start": { "line": 16, "column": 4 },
          "end": { "line": 16, "column": 9 }
        },
        "loc": {
          "start": { "line": 16, "column": 23 },
          "end": { "line": 18, "column": 5 }
        }
      },
      "2": {
        "name": "(anonymous_6)",
        "decl": {
          "start": { "line": 22, "column": 4 },
          "end": { "line": 22, "column": 9 }
        },
        "loc": {
          "start": { "line": 22, "column": 40 },
          "end": { "line": 24, "column": 5 }
        }
      },
      "3": {
        "name": "(anonymous_7)",
        "decl": {
          "start": { "line": 28, "column": 4 },
          "end": { "line": 28, "column": 9 }
        },
        "loc": {
          "start": { "line": 28, "column": 84 },
          "end": { "line": 30, "column": 5 }
        }
      },
      "4": {
        "name": "(anonymous_8)",
        "decl": {
          "start": { "line": 34, "column": 4 },
          "end": { "line": 34, "column": 9 }
        },
        "loc": {
          "start": { "line": 34, "column": 65 },
          "end": { "line": 36, "column": 5 }
        }
      }
    },
    "branchMap": {},
    "s": {
      "0": 0,
      "1": 0,
      "2": 0,
      "3": 0,
      "4": 0,
      "5": 0,
      "6": 0,
      "7": 0,
      "8": 0,
      "9": 0,
      "10": 0,
      "11": 0,
      "12": 0,
      "13": 0,
      "14": 0,
      "15": 0,
      "16": 0
    },
    "f": { "0": 0, "1": 0, "2": 0, "3": 0, "4": 0 },
    "b": {}
  },
  "/Users/raalencar/zaproutev2/server/src/backoffice/backoffice.service.ts": {
    "path": "/Users/raalencar/zaproutev2/server/src/backoffice/backoffice.service.ts",
    "statementMap": {
      "0": {
        "start": { "line": 1, "column": 0 },
        "end": { "line": 1, "column": 65 }
      },
      "1": {
        "start": { "line": 2, "column": 0 },
        "end": { "line": 2, "column": 50 }
      },
      "2": {
        "start": { "line": 3, "column": 0 },
        "end": { "line": 3, "column": 51 }
      },
      "3": {
        "start": { "line": 4, "column": 0 },
        "end": { "line": 4, "column": 35 }
      },
      "4": {
        "start": { "line": 7, "column": 7 },
        "end": { "line": 83, "column": null }
      },
      "5": {
        "start": { "line": 9, "column": 16 },
        "end": { "line": 9, "column": 24 }
      },
      "6": {
        "start": { "line": 10, "column": 16 },
        "end": { "line": 10, "column": 29 }
      },
      "7": {
        "start": { "line": 14, "column": 24 },
        "end": { "line": 21, "column": 10 }
      },
      "8": {
        "start": { "line": 22, "column": 8 },
        "end": { "line": 22, "column": 23 }
      },
      "9": {
        "start": { "line": 26, "column": 75 },
        "end": { "line": 26, "column": 79 }
      },
      "10": {
        "start": { "line": 29, "column": 29 },
        "end": { "line": 29, "column": 96 }
      },
      "11": {
        "start": { "line": 30, "column": 8 },
        "end": { "line": 30, "column": 80 }
      },
      "12": {
        "start": { "line": 30, "column": 26 },
        "end": { "line": 30, "column": 80 }
      },
      "13": {
        "start": { "line": 32, "column": 31 },
        "end": { "line": 32, "column": 67 }
      },
      "14": {
        "start": { "line": 35, "column": 23 },
        "end": { "line": 56, "column": 10 }
      },
      "15": {
        "start": { "line": 36, "column": 27 },
        "end": { "line": 43, "column": 14 }
      },
      "16": {
        "start": { "line": 45, "column": 25 },
        "end": { "line": 53, "column": 14 }
      },
      "17": {
        "start": { "line": 55, "column": 12 },
        "end": { "line": 55, "column": 36 }
      },
      "18": {
        "start": { "line": 59, "column": 8 },
        "end": { "line": 60, "column": 86 }
      },
      "19": {
        "start": { "line": 60, "column": 26 },
        "end": { "line": 60, "column": 84 }
      },
      "20": {
        "start": { "line": 62, "column": 8 },
        "end": { "line": 62, "column": 22 }
      },
      "21": {
        "start": { "line": 66, "column": 8 },
        "end": { "line": 69, "column": 11 }
      },
      "22": {
        "start": { "line": 73, "column": 25 },
        "end": { "line": 73, "column": 29 }
      },
      "23": {
        "start": { "line": 75, "column": 8 },
        "end": { "line": 81, "column": 11 }
      },
      "24": {
        "start": { "line": 7, "column": 13 },
        "end": { "line": 7, "column": 30 }
      },
      "25": {
        "start": { "line": 7, "column": 13 },
        "end": { "line": 83, "column": null }
      }
    },
    "fnMap": {
      "0": {
        "name": "(anonymous_2)",
        "decl": {
          "start": { "line": 8, "column": 4 },
          "end": { "line": 8, "column": null }
        },
        "loc": {
          "start": { "line": 10, "column": 40 },
          "end": { "line": 11, "column": 9 }
        }
      },
      "1": {
        "name": "(anonymous_3)",
        "decl": {
          "start": { "line": 13, "column": 4 },
          "end": { "line": 13, "column": 9 }
        },
        "loc": {
          "start": { "line": 13, "column": 23 },
          "end": { "line": 23, "column": 5 }
        }
      },
      "2": {
        "name": "(anonymous_4)",
        "decl": {
          "start": { "line": 25, "column": 4 },
          "end": { "line": 25, "column": 9 }
        },
        "loc": {
          "start": { "line": 25, "column": 32 },
          "end": { "line": 63, "column": 5 }
        }
      },
      "3": {
        "name": "(anonymous_5)",
        "decl": {
          "start": { "line": 35, "column": 54 },
          "end": { "line": 35, "column": 59 }
        },
        "loc": {
          "start": { "line": 35, "column": 67 },
          "end": { "line": 56, "column": 9 }
        }
      },
      "4": {
        "name": "(anonymous_6)",
        "decl": {
          "start": { "line": 60, "column": 19 },
          "end": { "line": 60, "column": 22 }
        },
        "loc": {
          "start": { "line": 60, "column": 26 },
          "end": { "line": 60, "column": 84 }
        }
      },
      "5": {
        "name": "(anonymous_7)",
        "decl": {
          "start": { "line": 65, "column": 4 },
          "end": { "line": 65, "column": 9 }
        },
        "loc": {
          "start": { "line": 65, "column": 55 },
          "end": { "line": 70, "column": 5 }
        }
      },
      "6": {
        "name": "(anonymous_8)",
        "decl": {
          "start": { "line": 72, "column": 4 },
          "end": { "line": 72, "column": 9 }
        },
        "loc": {
          "start": { "line": 72, "column": 44 },
          "end": { "line": 82, "column": 5 }
        }
      }
    },
    "branchMap": {
      "0": {
        "loc": {
          "start": { "line": 30, "column": 8 },
          "end": { "line": 30, "column": 80 }
        },
        "type": "if",
        "locations": [
          {
            "start": { "line": 30, "column": 8 },
            "end": { "line": 30, "column": 80 }
          }
        ]
      },
      "1": {
        "loc": {
          "start": { "line": 39, "column": 26 },
          "end": { "line": 39, "column": 54 }
        },
        "type": "binary-expr",
        "locations": [
          {
            "start": { "line": 39, "column": 26 },
            "end": { "line": 39, "column": 30 }
          },
          {
            "start": { "line": 39, "column": 34 },
            "end": { "line": 39, "column": 54 }
          }
        ]
      }
    },
    "s": {
      "0": 1,
      "1": 1,
      "2": 1,
      "3": 1,
      "4": 1,
      "5": 15,
      "6": 15,
      "7": 3,
      "8": 3,
      "9": 9,
      "10": 9,
      "11": 9,
      "12": 2,
      "13": 7,
      "14": 7,
      "15": 7,
      "16": 7,
      "17": 7,
      "18": 7,
      "19": 1,
      "20": 7,
      "21": 4,
      "22": 2,
      "23": 2,
      "24": 1,
      "25": 1
    },
    "f": { "0": 15, "1": 3, "2": 9, "3": 7, "4": 1, "5": 4, "6": 2 },
    "b": { "0": [2], "1": [7, 1] }
  },
  "/Users/raalencar/zaproutev2/server/src/backoffice/super-admin.guard.ts": {
    "path": "/Users/raalencar/zaproutev2/server/src/backoffice/super-admin.guard.ts",
    "statementMap": {
      "0": {
        "start": { "line": 1, "column": 0 },
        "end": { "line": 1, "column": 95 }
      },
      "1": {
        "start": { "line": 4, "column": 7 },
        "end": { "line": 15, "column": null }
      },
      "2": {
        "start": { "line": 6, "column": 24 },
        "end": { "line": 6, "column": 59 }
      },
      "3": {
        "start": { "line": 7, "column": 21 },
        "end": { "line": 7, "column": 33 }
      },
      "4": {
        "start": { "line": 9, "column": 8 },
        "end": { "line": 11, "column": 9 }
      },
      "5": {
        "start": { "line": 10, "column": 12 },
        "end": { "line": 10, "column": 85 }
      },
      "6": {
        "start": { "line": 13, "column": 8 },
        "end": { "line": 13, "column": 20 }
      },
      "7": {
        "start": { "line": 4, "column": 13 },
        "end": { "line": 4, "column": 28 }
      },
      "8": {
        "start": { "line": 4, "column": 13 },
        "end": { "line": 15, "column": null }
      }
    },
    "fnMap": {
      "0": {
        "name": "(anonymous_1)",
        "decl": {
          "start": { "line": 5, "column": 4 },
          "end": { "line": 5, "column": 15 }
        },
        "loc": {
          "start": { "line": 5, "column": 41 },
          "end": { "line": 14, "column": 5 }
        }
      }
    },
    "branchMap": {
      "0": {
        "loc": {
          "start": { "line": 9, "column": 8 },
          "end": { "line": 11, "column": 9 }
        },
        "type": "if",
        "locations": [
          {
            "start": { "line": 9, "column": 8 },
            "end": { "line": 11, "column": 9 }
          }
        ]
      },
      "1": {
        "loc": {
          "start": { "line": 9, "column": 12 },
          "end": { "line": 9, "column": 48 }
        },
        "type": "binary-expr",
        "locations": [
          {
            "start": { "line": 9, "column": 12 },
            "end": { "line": 9, "column": 17 }
          },
          {
            "start": { "line": 9, "column": 21 },
            "end": { "line": 9, "column": 48 }
          }
        ]
      }
    },
    "s": {
      "0": 0,
      "1": 0,
      "2": 0,
      "3": 0,
      "4": 0,
      "5": 0,
      "6": 0,
      "7": 0,
      "8": 0
    },
    "f": { "0": 0 },
    "b": { "0": [0], "1": [0, 0] }
  },
  "/Users/raalencar/zaproutev2/server/src/common/validators.ts": {
    "path": "/Users/raalencar/zaproutev2/server/src/common/validators.ts",
    "statementMap": {
      "0": {
        "start": { "line": 1, "column": 0 },
        "end": { "line": 1, "column": 16 }
      },
      "1": {
        "start": { "line": 36, "column": 0 },
        "end": { "line": 36, "column": 16 }
      },
      "2": {
        "start": { "line": 2, "column": 4 },
        "end": { "line": 2, "column": 39 }
      },
      "3": {
        "start": { "line": 3, "column": 4 },
        "end": { "line": 3, "column": 34 }
      },
      "4": {
        "start": { "line": 3, "column": 21 },
        "end": { "line": 3, "column": 34 }
      },
      "5": {
        "start": { "line": 4, "column": 4 },
        "end": { "line": 4, "column": 41 }
      },
      "6": {
        "start": { "line": 4, "column": 28 },
        "end": { "line": 4, "column": 41 }
      },
      "7": {
        "start": { "line": 7, "column": 4 },
        "end": { "line": 7, "column": 45 }
      },
      "8": {
        "start": { "line": 7, "column": 32 },
        "end": { "line": 7, "column": 45 }
      },
      "9": {
        "start": { "line": 10, "column": 18 },
        "end": { "line": 10, "column": 33 }
      },
      "10": {
        "start": { "line": 11, "column": 18 },
        "end": { "line": 11, "column": 44 }
      },
      "11": {
        "start": { "line": 12, "column": 18 },
        "end": { "line": 12, "column": 41 }
      },
      "12": {
        "start": { "line": 13, "column": 15 },
        "end": { "line": 13, "column": 16 }
      },
      "13": {
        "start": { "line": 14, "column": 14 },
        "end": { "line": 14, "column": 25 }
      },
      "14": {
        "start": { "line": 15, "column": 4 },
        "end": { "line": 18, "column": 5 }
      },
      "15": {
        "start": { "line": 15, "column": 17 },
        "end": { "line": 15, "column": 24 }
      },
      "16": {
        "start": { "line": 16, "column": 8 },
        "end": { "line": 16, "column": 62 }
      },
      "17": {
        "start": { "line": 17, "column": 8 },
        "end": { "line": 17, "column": 29 }
      },
      "18": {
        "start": { "line": 17, "column": 21 },
        "end": { "line": 17, "column": 29 }
      },
      "19": {
        "start": { "line": 19, "column": 20 },
        "end": { "line": 19, "column": 54 }
      },
      "20": {
        "start": { "line": 20, "column": 4 },
        "end": { "line": 20, "column": 64 }
      },
      "21": {
        "start": { "line": 20, "column": 51 },
        "end": { "line": 20, "column": 64 }
      },
      "22": {
        "start": { "line": 22, "column": 4 },
        "end": { "line": 22, "column": 26 }
      },
      "23": {
        "start": { "line": 23, "column": 4 },
        "end": { "line": 23, "column": 41 }
      },
      "24": {
        "start": { "line": 24, "column": 4 },
        "end": { "line": 24, "column": 13 }
      },
      "25": {
        "start": { "line": 25, "column": 4 },
        "end": { "line": 25, "column": 22 }
      },
      "26": {
        "start": { "line": 26, "column": 4 },
        "end": { "line": 29, "column": 5 }
      },
      "27": {
        "start": { "line": 26, "column": 17 },
        "end": { "line": 26, "column": 24 }
      },
      "28": {
        "start": { "line": 27, "column": 8 },
        "end": { "line": 27, "column": 62 }
      },
      "29": {
        "start": { "line": 28, "column": 8 },
        "end": { "line": 28, "column": 29 }
      },
      "30": {
        "start": { "line": 28, "column": 21 },
        "end": { "line": 28, "column": 29 }
      },
      "31": {
        "start": { "line": 30, "column": 4 },
        "end": { "line": 30, "column": 51 }
      },
      "32": {
        "start": { "line": 31, "column": 4 },
        "end": { "line": 31, "column": 64 }
      },
      "33": {
        "start": { "line": 31, "column": 51 },
        "end": { "line": 31, "column": 64 }
      },
      "34": {
        "start": { "line": 33, "column": 4 },
        "end": { "line": 33, "column": 16 }
      },
      "35": {
        "start": { "line": 37, "column": 4 },
        "end": { "line": 37, "column": 37 }
      },
      "36": {
        "start": { "line": 38, "column": 4 },
        "end": { "line": 38, "column": 33 }
      },
      "37": {
        "start": { "line": 38, "column": 20 },
        "end": { "line": 38, "column": 33 }
      },
      "38": {
        "start": { "line": 39, "column": 4 },
        "end": { "line": 39, "column": 40 }
      },
      "39": {
        "start": { "line": 39, "column": 27 },
        "end": { "line": 39, "column": 40 }
      },
      "40": {
        "start": { "line": 42, "column": 4 },
        "end": { "line": 42, "column": 44 }
      },
      "41": {
        "start": { "line": 42, "column": 31 },
        "end": { "line": 42, "column": 44 }
      },
      "42": {
        "start": { "line": 44, "column": 15 },
        "end": { "line": 44, "column": 16 }
      },
      "43": {
        "start": { "line": 46, "column": 4 },
        "end": { "line": 46, "column": 92 }
      },
      "44": {
        "start": { "line": 46, "column": 17 },
        "end": { "line": 46, "column": 18 }
      },
      "45": {
        "start": { "line": 46, "column": 33 },
        "end": { "line": 46, "column": 92 }
      },
      "46": {
        "start": { "line": 47, "column": 4 },
        "end": { "line": 47, "column": 29 }
      },
      "47": {
        "start": { "line": 49, "column": 4 },
        "end": { "line": 49, "column": 52 }
      },
      "48": {
        "start": { "line": 49, "column": 42 },
        "end": { "line": 49, "column": 52 }
      },
      "49": {
        "start": { "line": 50, "column": 4 },
        "end": { "line": 50, "column": 63 }
      },
      "50": {
        "start": { "line": 50, "column": 50 },
        "end": { "line": 50, "column": 63 }
      },
      "51": {
        "start": { "line": 52, "column": 4 },
        "end": { "line": 52, "column": 13 }
      },
      "52": {
        "start": { "line": 53, "column": 4 },
        "end": { "line": 53, "column": 93 }
      },
      "53": {
        "start": { "line": 53, "column": 17 },
        "end": { "line": 53, "column": 18 }
      },
      "54": {
        "start": { "line": 53, "column": 34 },
        "end": { "line": 53, "column": 93 }
      },
      "55": {
        "start": { "line": 54, "column": 4 },
        "end": { "line": 54, "column": 29 }
      },
      "56": {
        "start": { "line": 56, "column": 4 },
        "end": { "line": 56, "column": 52 }
      },
      "57": {
        "start": { "line": 56, "column": 42 },
        "end": { "line": 56, "column": 52 }
      },
      "58": {
        "start": { "line": 57, "column": 4 },
        "end": { "line": 57, "column": 64 }
      },
      "59": {
        "start": { "line": 57, "column": 51 },
        "end": { "line": 57, "column": 64 }
      },
      "60": {
        "start": { "line": 58, "column": 4 },
        "end": { "line": 58, "column": 16 }
      }
    },
    "fnMap": {
      "0": {
        "name": "validateCNPJ",
        "decl": {
          "start": { "line": 1, "column": 16 },
          "end": { "line": 1, "column": 28 }
        },
        "loc": {
          "start": { "line": 1, "column": 41 },
          "end": { "line": 34, "column": 1 }
        }
      },
      "1": {
        "name": "validateCPF",
        "decl": {
          "start": { "line": 36, "column": 16 },
          "end": { "line": 36, "column": 27 }
        },
        "loc": {
          "start": { "line": 36, "column": 39 },
          "end": { "line": 59, "column": 1 }
        }
      }
    },
    "branchMap": {
      "0": {
        "loc": {
          "start": { "line": 3, "column": 4 },
          "end": { "line": 3, "column": 34 }
        },
        "type": "if",
        "locations": [
          {
            "start": { "line": 3, "column": 4 },
            "end": { "line": 3, "column": 34 }
          }
        ]
      },
      "1": {
        "loc": {
          "start": { "line": 4, "column": 4 },
          "end": { "line": 4, "column": 41 }
        },
        "type": "if",
        "locations": [
          {
            "start": { "line": 4, "column": 4 },
            "end": { "line": 4, "column": 41 }
          }
        ]
      },
      "2": {
        "loc": {
          "start": { "line": 7, "column": 4 },
          "end": { "line": 7, "column": 45 }
        },
        "type": "if",
        "locations": [
          {
            "start": { "line": 7, "column": 4 },
            "end": { "line": 7, "column": 45 }
          }
        ]
      },
      "3": {
        "loc": {
          "start": { "line": 17, "column": 8 },
          "end": { "line": 17, "column": 29 }
        },
        "type": "if",
        "locations": [
          {
            "start": { "line": 17, "column": 8 },
            "end": { "line": 17, "column": 29 }
          }
        ]
      },
      "4": {
        "loc": {
          "start": { "line": 19, "column": 20 },
          "end": { "line": 19, "column": 54 }
        },
        "type": "cond-expr",
        "locations": [
          {
            "start": { "line": 19, "column": 36 },
            "end": { "line": 19, "column": 37 }
          },
          {
            "start": { "line": 19, "column": 40 },
            "end": { "line": 19, "column": 54 }
          }
        ]
      },
      "5": {
        "loc": {
          "start": { "line": 20, "column": 4 },
          "end": { "line": 20, "column": 64 }
        },
        "type": "if",
        "locations": [
          {
            "start": { "line": 20, "column": 4 },
            "end": { "line": 20, "column": 64 }
          }
        ]
      },
      "6": {
        "loc": {
          "start": { "line": 28, "column": 8 },
          "end": { "line": 28, "column": 29 }
        },
        "type": "if",
        "locations": [
          {
            "start": { "line": 28, "column": 8 },
            "end": { "line": 28, "column": 29 }
          }
        ]
      },
      "7": {
        "loc": {
          "start": { "line": 30, "column": 16 },
          "end": { "line": 30, "column": 50 }
        },
        "type": "cond-expr",
        "locations": [
          {
            "start": { "line": 30, "column": 32 },
            "end": { "line": 30, "column": 33 }
          },
          {
            "start": { "line": 30, "column": 36 },
            "end": { "line": 30, "column": 50 }
          }
        ]
      },
      "8": {
        "loc": {
          "start": { "line": 31, "column": 4 },
          "end": { "line": 31, "column": 64 }
        },
        "type": "if",
        "locations": [
          {
            "start": { "line": 31, "column": 4 },
            "end": { "line": 31, "column": 64 }
          }
        ]
      },
      "9": {
        "loc": {
          "start": { "line": 38, "column": 4 },
          "end": { "line": 38, "column": 33 }
        },
        "type": "if",
        "locations": [
          {
            "start": { "line": 38, "column": 4 },
            "end": { "line": 38, "column": 33 }
          }
        ]
      },
      "10": {
        "loc": {
          "start": { "line": 39, "column": 4 },
          "end": { "line": 39, "column": 40 }
        },
        "type": "if",
        "locations": [
          {
            "start": { "line": 39, "column": 4 },
            "end": { "line": 39, "column": 40 }
          }
        ]
      },
      "11": {
        "loc": {
          "start": { "line": 42, "column": 4 },
          "end": { "line": 42, "column": 44 }
        },
        "type": "if",
        "locations": [
          {
            "start": { "line": 42, "column": 4 },
            "end": { "line": 42, "column": 44 }
          }
        ]
      },
      "12": {
        "loc": {
          "start": { "line": 49, "column": 4 },
          "end": { "line": 49, "column": 52 }
        },
        "type": "if",
        "locations": [
          {
            "start": { "line": 49, "column": 4 },
            "end": { "line": 49, "column": 52 }
          }
        ]
      },
      "13": {
        "loc": {
          "start": { "line": 49, "column": 8 },
          "end": { "line": 49, "column": 40 }
        },
        "type": "binary-expr",
        "locations": [
          {
            "start": { "line": 49, "column": 9 },
            "end": { "line": 49, "column": 21 }
          },
          {
            "start": { "line": 49, "column": 27 },
            "end": { "line": 49, "column": 39 }
          }
        ]
      },
      "14": {
        "loc": {
          "start": { "line": 50, "column": 4 },
          "end": { "line": 50, "column": 63 }
        },
        "type": "if",
        "locations": [
          {
            "start": { "line": 50, "column": 4 },
            "end": { "line": 50, "column": 63 }
          }
        ]
      },
      "15": {
        "loc": {
          "start": { "line": 56, "column": 4 },
          "end": { "line": 56, "column": 52 }
        },
        "type": "if",
        "locations": [
          {
            "start": { "line": 56, "column": 4 },
            "end": { "line": 56, "column": 52 }
          }
        ]
      },
      "16": {
        "loc": {
          "start": { "line": 56, "column": 8 },
          "end": { "line": 56, "column": 40 }
        },
        "type": "binary-expr",
        "locations": [
          {
            "start": { "line": 56, "column": 9 },
            "end": { "line": 56, "column": 21 }
          },
          {
            "start": { "line": 56, "column": 27 },
            "end": { "line": 56, "column": 39 }
          }
        ]
      },
      "17": {
        "loc": {
          "start": { "line": 57, "column": 4 },
          "end": { "line": 57, "column": 64 }
        },
        "type": "if",
        "locations": [
          {
            "start": { "line": 57, "column": 4 },
            "end": { "line": 57, "column": 64 }
          }
        ]
      }
    },
    "s": {
      "0": 1,
      "1": 1,
      "2": 4,
      "3": 4,
      "4": 0,
      "5": 4,
      "6": 1,
      "7": 3,
      "8": 0,
      "9": 3,
      "10": 3,
      "11": 3,
      "12": 3,
      "13": 3,
      "14": 3,
      "15": 3,
      "16": 36,
      "17": 36,
      "18": 6,
      "19": 3,
      "20": 3,
      "21": 0,
      "22": 3,
      "23": 3,
      "24": 3,
      "25": 3,
      "26": 3,
      "27": 3,
      "28": 39,
      "29": 39,
      "30": 6,
      "31": 3,
      "32": 3,
      "33": 0,
      "34": 3,
      "35": 1,
      "36": 1,
      "37": 0,
      "38": 1,
      "39": 1,
      "40": 0,
      "41": 0,
      "42": 0,
      "43": 0,
      "44": 0,
      "45": 0,
      "46": 0,
      "47": 0,
      "48": 0,
      "49": 0,
      "50": 0,
      "51": 0,
      "52": 0,
      "53": 0,
      "54": 0,
      "55": 0,
      "56": 0,
      "57": 0,
      "58": 0,
      "59": 0,
      "60": 0
    },
[...]
        "end": { "line": 88, "column": 9 }
      },
      "29": {
        "start": { "line": 69, "column": 31 },
        "end": { "line": 69, "column": 52 }
      },
      "30": {
        "start": { "line": 70, "column": 29 },
        "end": { "line": 70, "column": 95 }
      },
      "31": {
        "start": { "line": 72, "column": 12 },
        "end": { "line": 72, "column": 76 }
      },
      "32": {
        "start": { "line": 74, "column": 32 },
        "end": { "line": 74, "column": 47 }
      },
      "33": {
        "start": { "line": 75, "column": 12 },
        "end": { "line": 75, "column": 84 }
      },
      "34": {
        "start": { "line": 75, "column": 34 },
        "end": { "line": 75, "column": 84 }
      },
      "35": {
        "start": { "line": 77, "column": 12 },
        "end": { "line": 84, "column": 23 }
      },
      "36": {
        "start": { "line": 87, "column": 12 },
        "end": { "line": 87, "column": 70 }
      },
      "37": {
        "start": { "line": 92, "column": 8 },
        "end": { "line": 92, "column": 52 }
      },
      "38": {
        "start": { "line": 92, "column": 45 },
        "end": { "line": 92, "column": 52 }
      },
      "39": {
        "start": { "line": 93, "column": 8 },
        "end": { "line": 112, "column": 9 }
      },
      "40": {
        "start": { "line": 94, "column": 31 },
        "end": { "line": 94, "column": 52 }
      },
      "41": {
        "start": { "line": 95, "column": 29 },
        "end": { "line": 95, "column": 99 }
      },
      "42": {
        "start": { "line": 97, "column": 12 },
        "end": { "line": 97, "column": 83 }
      },
      "43": {
        "start": { "line": 99, "column": 32 },
        "end": { "line": 99, "column": 47 }
      },
      "44": {
        "start": { "line": 100, "column": 12 },
        "end": { "line": 100, "column": 84 }
      },
      "45": {
        "start": { "line": 100, "column": 34 },
        "end": { "line": 100, "column": 84 }
      },
      "46": {
        "start": { "line": 102, "column": 12 },
        "end": { "line": 108, "column": 23 }
      },
      "47": {
        "start": { "line": 111, "column": 12 },
        "end": { "line": 111, "column": 74 }
      },
      "48": {
        "start": { "line": 116, "column": 8 },
        "end": { "line": 116, "column": 52 }
      },
      "49": {
        "start": { "line": 116, "column": 45 },
        "end": { "line": 116, "column": 52 }
      },
      "50": {
        "start": { "line": 118, "column": 8 },
        "end": { "line": 151, "column": 9 }
      },
      "51": {
        "start": { "line": 119, "column": 31 },
        "end": { "line": 119, "column": 52 }
      },
      "52": {
        "start": { "line": 120, "column": 29 },
        "end": { "line": 120, "column": 102 }
      },
      "53": {
        "start": { "line": 130, "column": 24 },
        "end": { "line": 130, "column": 100 }
      },
      "54": {
        "start": { "line": 132, "column": 12 },
        "end": { "line": 132, "column": 78 }
      },
      "55": {
        "start": { "line": 134, "column": 32 },
        "end": { "line": 134, "column": 47 }
      },
      "56": {
        "start": { "line": 135, "column": 12 },
        "end": { "line": 135, "column": 84 }
      },
      "57": {
        "start": { "line": 135, "column": 34 },
        "end": { "line": 135, "column": 84 }
      },
      "58": {
        "start": { "line": 137, "column": 12 },
        "end": { "line": 144, "column": 23 }
      },
      "59": {
        "start": { "line": 140, "column": 51 },
        "end": { "line": 143, "column": 18 }
      },
      "60": {
        "start": { "line": 147, "column": 12 },
        "end": { "line": 147, "column": 73 }
      },
      "61": {
        "start": { "line": 149, "column": 32 },
        "end": { "line": 149, "column": 77 }
      },
      "62": {
        "start": { "line": 149, "column": 49 },
        "end": { "line": 149, "column": 63 }
      },
      "63": {
        "start": { "line": 150, "column": 12 },
        "end": { "line": 150, "column": 82 }
      },
      "64": {
        "start": { "line": 155, "column": 8 },
        "end": { "line": 155, "column": 52 }
      },
      "65": {
        "start": { "line": 155, "column": 45 },
        "end": { "line": 155, "column": 52 }
      },
      "66": {
        "start": { "line": 156, "column": 8 },
        "end": { "line": 177, "column": 9 }
      },
      "67": {
        "start": { "line": 157, "column": 31 },
        "end": { "line": 157, "column": 52 }
      },
      "68": {
        "start": { "line": 158, "column": 29 },
        "end": { "line": 158, "column": 93 }
      },
      "69": {
        "start": { "line": 160, "column": 12 },
        "end": { "line": 160, "column": 79 }
      },
      "70": {
        "start": { "line": 162, "column": 32 },
        "end": { "line": 162, "column": 47 }
      },
      "71": {
        "start": { "line": 163, "column": 12 },
        "end": { "line": 163, "column": 84 }
      },
      "72": {
        "start": { "line": 163, "column": 34 },
        "end": { "line": 163, "column": 84 }
      },
      "73": {
        "start": { "line": 165, "column": 33 },
        "end": { "line": 165, "column": 54 }
      },
      "74": {
        "start": { "line": 166, "column": 12 },
        "end": { "line": 171, "column": 13 }
      },
      "75": {
        "start": { "line": 167, "column": 16 },
        "end": { "line": 167, "column": 36 }
      },
      "76": {
        "start": { "line": 168, "column": 16 },
        "end": { "line": 168, "column": 55 }
      },
      "77": {
        "start": { "line": 168, "column": 29 },
        "end": { "line": 168, "column": 55 }
      },
      "78": {
        "start": { "line": 170, "column": 16 },
        "end": { "line": 170, "column": 36 }
      },
      "79": {
        "start": { "line": 173, "column": 12 },
        "end": { "line": 173, "column": 56 }
      },
      "80": {
        "start": { "line": 176, "column": 12 },
        "end": { "line": 176, "column": 73 }
      },
      "81": {
        "start": { "line": 5, "column": 0 },
        "end": { "line": 5, "column": 13 }
      }
    },
    "fnMap": {
      "0": {
        "name": "(anonymous_0)",
        "decl": {
          "start": { "line": 9, "column": 4 },
          "end": { "line": 9, "column": null }
        },
        "loc": {
          "start": { "line": 12, "column": 36 },
          "end": { "line": 13, "column": 9 }
        }
      },
      "1": {
        "name": "(anonymous_1)",
        "decl": {
          "start": { "line": 15, "column": 4 },
          "end": { "line": 15, "column": 9 }
        },
        "loc": {
          "start": { "line": 15, "column": 49 },
          "end": { "line": 48, "column": 5 }
        }
      },
      "2": {
        "name": "(anonymous_2)",
        "decl": {
          "start": { "line": 50, "column": 4 },
          "end": { "line": 50, "column": 9 }
        },
        "loc": {
          "start": { "line": 50, "column": 69 },
          "end": { "line": 56, "column": 5 }
        }
      },
      "3": {
        "name": "(anonymous_3)",
        "decl": {
          "start": { "line": 58, "column": 4 },
          "end": { "line": 58, "column": 9 }
        },
        "loc": {
          "start": { "line": 58, "column": 61 },
          "end": { "line": 60, "column": 5 }
        }
      },
      "4": {
        "name": "(anonymous_4)",
        "decl": {
          "start": { "line": 62, "column": 4 },
          "end": { "line": 62, "column": 9 }
        },
        "loc": {
          "start": { "line": 62, "column": 43 },
          "end": { "line": 64, "column": 5 }
        }
      },
      "5": {
        "name": "(anonymous_5)",
        "decl": {
          "start": { "line": 66, "column": 4 },
          "end": { "line": 66, "column": 9 }
        },
        "loc": {
          "start": { "line": 66, "column": 62 },
          "end": { "line": 89, "column": 5 }
        }
      },
      "6": {
        "name": "(anonymous_6)",
        "decl": {
          "start": { "line": 91, "column": 4 },
          "end": { "line": 91, "column": 9 }
        },
        "loc": {
          "start": { "line": 91, "column": 93 },
          "end": { "line": 113, "column": 5 }
        }
      },
      "7": {
        "name": "(anonymous_7)",
        "decl": {
          "start": { "line": 115, "column": 4 },
          "end": { "line": 115, "column": 9 }
        },
        "loc": {
          "start": { "line": 115, "column": 105 },
          "end": { "line": 152, "column": 5 }
        }
      },
      "8": {
        "name": "(anonymous_8)",
        "decl": {
          "start": { "line": 140, "column": 43 },
          "end": { "line": 140, "column": 46 }
        },
        "loc": {
          "start": { "line": 140, "column": 51 },
          "end": { "line": 143, "column": 18 }
        }
      },
      "9": {
        "name": "(anonymous_9)",
        "decl": {
          "start": { "line": 149, "column": 44 },
          "end": { "line": 149, "column": 45 }
        },
        "loc": {
          "start": { "line": 149, "column": 49 },
          "end": { "line": 149, "column": 63 }
        }
      },
      "10": {
        "name": "(anonymous_10)",
        "decl": {
          "start": { "line": 154, "column": 12 },
          "end": { "line": 154, "column": 17 }
        },
        "loc": {
          "start": { "line": 154, "column": 104 },
          "end": { "line": 178, "column": 5 }
        }
      }
    },
    "branchMap": {
      "0": {
        "loc": {
          "start": { "line": 16, "column": 8 },
          "end": { "line": 19, "column": 9 }
        },
        "type": "if",
        "locations": [
          {
            "start": { "line": 16, "column": 8 },
            "end": { "line": 19, "column": 9 }
          }
        ]
      },
      "1": {
        "loc": {
          "start": { "line": 16, "column": 12 },
          "end": { "line": 16, "column": 43 }
        },
        "type": "binary-expr",
        "locations": [
          {
            "start": { "line": 16, "column": 12 },
            "end": { "line": 16, "column": 28 }
          },
          {
            "start": { "line": 16, "column": 32 },
            "end": { "line": 16, "column": 43 }
          }
        ]
      },
      "2": {
        "loc": {
          "start": { "line": 28, "column": 12 },
          "end": { "line": 30, "column": 13 }
        },
        "type": "if",
        "locations": [
          {
            "start": { "line": 28, "column": 12 },
            "end": { "line": 30, "column": 13 }
          }
        ]
      },
      "3": {
        "loc": {
          "start": { "line": 43, "column": 30 },
          "end": { "line": 45, "column": 31 }
        },
        "type": "cond-expr",
        "locations": [
          {
            "start": { "line": 44, "column": 18 },
            "end": { "line": 44, "column": 53 }
          },
          {
            "start": { "line": 45, "column": 18 },
            "end": { "line": 45, "column": 31 }
          }
        ]
      },
      "4": {
        "loc": {
          "start": { "line": 67, "column": 8 },
          "end": { "line": 67, "column": 52 }
        },
        "type": "if",
        "locations": [
          {
            "start": { "line": 67, "column": 8 },
            "end": { "line": 67, "column": 52 }
          }
        ]
      },
      "5": {
        "loc": {
          "start": { "line": 67, "column": 12 },
          "end": { "line": 67, "column": 43 }
        },
        "type": "binary-expr",
        "locations": [
          {
            "start": { "line": 67, "column": 12 },
            "end": { "line": 67, "column": 28 }
          },
          {
            "start": { "line": 67, "column": 32 },
            "end": { "line": 67, "column": 43 }
          }
        ]
      },
      "6": {
        "loc": {
          "start": { "line": 75, "column": 12 },
          "end": { "line": 75, "column": 84 }
        },
        "type": "if",
        "locations": [
          {
            "start": { "line": 75, "column": 12 },
            "end": { "line": 75, "column": 84 }
          }
        ]
      },
      "7": {
        "loc": {
          "start": { "line": 79, "column": 25 },
          "end": { "line": 79, "column": 41 }
        },
        "type": "binary-expr",
        "locations": [
          {
            "start": { "line": 79, "column": 25 },
            "end": { "line": 79, "column": 30 }
          },
          {
            "start": { "line": 79, "column": 34 },
            "end": { "line": 79, "column": 41 }
          }
        ]
      },
      "8": {
        "loc": {
          "start": { "line": 82, "column": 23 },
          "end": { "line": 82, "column": 38 }
        },
        "type": "binary-expr",
        "locations": [
          {
            "start": { "line": 82, "column": 23 },
            "end": { "line": 82, "column": 28 }
          },
          {
            "start": { "line": 82, "column": 32 },
            "end": { "line": 82, "column": 38 }
          }
        ]
      },
      "9": {
        "loc": {
          "start": { "line": 92, "column": 8 },
          "end": { "line": 92, "column": 52 }
        },
        "type": "if",
        "locations": [
          {
            "start": { "line": 92, "column": 8 },
            "end": { "line": 92, "column": 52 }
          }
        ]
      },
      "10": {
        "loc": {
          "start": { "line": 92, "column": 12 },
          "end": { "line": 92, "column": 43 }
        },
        "type": "binary-expr",
        "locations": [
          {
            "start": { "line": 92, "column": 12 },
            "end": { "line": 92, "column": 28 }
          },
          {
            "start": { "line": 92, "column": 32 },
            "end": { "line": 92, "column": 43 }
          }
        ]
      },
      "11": {
        "loc": {
          "start": { "line": 100, "column": 12 },
          "end": { "line": 100, "column": 84 }
        },
        "type": "if",
        "locations": [
          {
            "start": { "line": 100, "column": 12 },
            "end": { "line": 100, "column": 84 }
          }
        ]
      },
      "12": {
        "loc": {
          "start": { "line": 106, "column": 23 },
          "end": { "line": 106, "column": 45 }
        },
        "type": "binary-expr",
        "locations": [
          {
            "start": { "line": 106, "column": 23 },
            "end": { "line": 106, "column": 28 }
          },
          {
            "start": { "line": 106, "column": 32 },
            "end": { "line": 106, "column": 45 }
          }
        ]
      },
      "13": {
        "loc": {
          "start": { "line": 107, "column": 25 },
          "end": { "line": 107, "column": 38 }
        },
        "type": "binary-expr",
        "locations": [
          {
            "start": { "line": 107, "column": 25 },
            "end": { "line": 107, "column": 32 }
          },
          {
            "start": { "line": 107, "column": 36 },
            "end": { "line": 107, "column": 38 }
          }
        ]
      },
      "14": {
        "loc": {
          "start": { "line": 116, "column": 8 },
          "end": { "line": 116, "column": 52 }
        },
        "type": "if",
        "locations": [
          {
            "start": { "line": 116, "column": 8 },
            "end": { "line": 116, "column": 52 }
          }
        ]
      },
      "15": {
        "loc": {
          "start": { "line": 116, "column": 12 },
          "end": { "line": 116, "column": 43 }
        },
        "type": "binary-expr",
        "locations": [
          {
            "start": { "line": 116, "column": 12 },
            "end": { "line": 116, "column": 28 }
          },
          {
            "start": { "line": 116, "column": 32 },
            "end": { "line": 116, "column": 43 }
          }
        ]
      },
      "16": {
        "loc": {
          "start": { "line": 135, "column": 12 },
          "end": { "line": 135, "column": 84 }
        },
        "type": "if",
        "locations": [
          {
            "start": { "line": 135, "column": 12 },
            "end": { "line": 135, "column": 84 }
          }
        ]
      },
      "17": {
        "loc": {
          "start": { "line": 155, "column": 8 },
          "end": { "line": 155, "column": 52 }
        },
        "type": "if",
        "locations": [
          {
            "start": { "line": 155, "column": 8 },
            "end": { "line": 155, "column": 52 }
          }
        ]
      },
      "18": {
        "loc": {
          "start": { "line": 155, "column": 12 },
          "end": { "line": 155, "column": 43 }
        },
        "type": "binary-expr",
        "locations": [
          {
            "start": { "line": 155, "column": 12 },
            "end": { "line": 155, "column": 28 }
          },
          {
            "start": { "line": 155, "column": 32 },
            "end": { "line": 155, "column": 43 }
          }
        ]
      },
      "19": {
        "loc": {
          "start": { "line": 163, "column": 12 },
          "end": { "line": 163, "column": 84 }
        },
        "type": "if",
        "locations": [
          {
            "start": { "line": 163, "column": 12 },
            "end": { "line": 163, "column": 84 }
          }
        ]
      },
      "20": {
        "loc": {
          "start": { "line": 166, "column": 12 },
          "end": { "line": 171, "column": 13 }
        },
        "type": "if",
        "locations": [
          {
            "start": { "line": 166, "column": 12 },
            "end": { "line": 171, "column": 13 }
          },
          {
            "start": { "line": 169, "column": 19 },
            "end": { "line": 171, "column": 13 }
          }
        ]
      },
      "21": {
        "loc": {
          "start": { "line": 168, "column": 16 },
          "end": { "line": 168, "column": 55 }
        },
        "type": "if",
        "locations": [
          {
            "start": { "line": 168, "column": 16 },
            "end": { "line": 168, "column": 55 }
          }
        ]
      }
    },
    "s": {
      "0": 5,
      "1": 5,
      "2": 0,
      "3": 0,
      "4": 0,
      "5": 0,
      "6": 0,
      "7": 0,
      "8": 0,
      "9": 0,
      "10": 0,
      "11": 0,
      "12": 0,
      "13": 0,
      "14": 0,
      "15": 0,
      "16": 0,
      "17": 0,
      "18": 0,
      "19": 0,
      "20": 0,
      "21": 0,
      "22": 0,
      "23": 0,
      "24": 0,
      "25": 0,
      "26": 0,
      "27": 0,
      "28": 0,
      "29": 0,
      "30": 0,
      "31": 0,
      "32": 0,
      "33": 0,
      "34": 0,
      "35": 0,
      "36": 0,
      "37": 0,
      "38": 0,
      "39": 0,
      "40": 0,
      "41": 0,
      "42": 0,
      "43": 0,
      "44": 0,
      "45": 0,
      "46": 0,
      "47": 0,
      "48": 0,
      "49": 0,
      "50": 0,
      "51": 0,
      "52": 0,
      "53": 0,
      "54": 0,
      "55": 0,
      "56": 0,
      "57": 0,
      "58": 0,
      "59": 0,
      "60": 0,
      "61": 0,
      "62": 0,
      "63": 0,
      "64": 0,
      "65": 0,
      "66": 0,
      "67": 0,
      "68": 0,
      "69": 0,
      "70": 0,
      "71": 0,
      "72": 0,
      "73": 0,
      "74": 0,
      "75": 0,
      "76": 0,
      "77": 0,
      "78": 0,
      "79": 0,
      "80": 0,
      "81": 5
    },
    "f": {
      "0": 0,
      "1": 0,
      "2": 0,
      "3": 0,
      "4": 0,
      "5": 0,
      "6": 0,
      "7": 0,
      "8": 0,
      "9": 0,
      "10": 0
    },
    "b": {
      "0": [0],
      "1": [0, 0],
      "2": [0],
      "3": [0, 0],
      "4": [0],
      "5": [0, 0],
      "6": [0],
      "7": [0, 0],
      "8": [0, 0],
      "9": [0],
      "10": [0, 0],
      "11": [0],
      "12": [0, 0],
      "13": [0, 0],
      "14": [0],
      "15": [0, 0],
      "16": [0],
      "17": [0],
      "18": [0, 0],
      "19": [0],
      "20": [0, 0],
      "21": [0]
    }
  }
}
