TN:
SF:src/health.controller.ts
FN:6,(anonymous_2)
FN:9,(anonymous_3)
FNF:2
FNH:0
FNDA:0,(anonymous_2)
FNDA:0,(anonymous_3)
DA:1,0
DA:2,0
DA:5,0
DA:6,0
DA:9,0
DA:10,0
DA:11,0
DA:12,0
DA:14,0
LF:9
LH:0
BRF:0
BRH:0
end_of_record
TN:
SF:src/security.controller.ts
FN:11,(anonymous_4)
FNF:1
FNH:1
FNDA:2,(anonymous_4)
DA:1,1
DA:5,1
DA:11,1
DA:12,2
LF:4
LH:4
BRF:0
BRH:0
end_of_record
TN:
SF:src/setup.controller.ts
FN:8,(anonymous_4)
FN:10,(anonymous_5)
FN:19,(anonymous_6)
FN:21,(anonymous_7)
FN:23,(anonymous_8)
FN:34,(anonymous_9)
FNF:6
FNH:0
FNDA:0,(anonymous_4)
FNDA:0,(anonymous_5)
FNDA:0,(anonymous_6)
FNDA:0,(anonymous_7)
FNDA:0,(anonymous_8)
FNDA:0,(anonymous_9)
DA:1,0
DA:2,0
DA:3,0
DA:4,0
DA:7,0
DA:8,0
DA:12,0
DA:13,0
DA:14,0
DA:19,0
DA:20,0
DA:21,0
DA:23,0
DA:24,0
DA:25,0
DA:26,0
DA:28,0
DA:34,0
DA:35,0
DA:36,0
DA:37,0
DA:40,0
DA:41,0
DA:53,0
DA:54,0
DA:57,0
DA:60,0
DA:74,0
DA:81,0
DA:82,0
LF:30
LH:0
BRDA:13,0,0,0
BRDA:13,1,0,0
BRDA:13,1,1,0
BRDA:24,2,0,0
BRF:4
BRH:0
end_of_record
TN:
SF:src/ai/ai.controller.ts
FN:8,(anonymous_4)
FN:11,(anonymous_5)
FNF:2
FNH:0
FNDA:0,(anonymous_4)
FNDA:0,(anonymous_5)
DA:1,0
DA:2,0
DA:3,0
DA:7,0
DA:8,0
DA:11,0
DA:12,0
DA:13,0
DA:16,0
DA:17,0
DA:18,0
DA:20,0
LF:12
LH:0
BRDA:12,0,0,0
BRF:1
BRH:0
end_of_record
TN:
SF:src/ai/ai.service.ts
FN:11,(anonymous_2)
FN:20,(anonymous_3)
FN:24,(anonymous_4)
FN:36,(anonymous_5)
FN:54,(anonymous_6)
FN:67,(anonymous_7)
FN:89,(anonymous_8)
FN:185,(anonymous_9)
FN:204,(anonymous_10)
FN:226,(anonymous_11)
FNF:10
FNH:9
FNDA:13,(anonymous_2)
FNDA:3,(anonymous_3)
FNDA:2,(anonymous_4)
FNDA:1,(anonymous_5)
FNDA:3,(anonymous_6)
FNDA:5,(anonymous_7)
FNDA:3,(anonymous_8)
FNDA:1,(anonymous_9)
FNDA:0,(anonymous_10)
FNDA:2,(anonymous_11)
DA:1,2
DA:2,2
DA:3,2
DA:4,2
DA:7,2
DA:8,13
DA:11,13
DA:12,13
DA:13,13
DA:14,13
DA:16,0
DA:21,3
DA:25,2
DA:26,2
DA:27,2
DA:28,1
DA:29,1
DA:31,1
DA:32,1
DA:37,1
DA:38,1
DA:39,1
DA:40,1
DA:41,1
DA:43,1
DA:49,0
DA:50,0
DA:55,3
DA:56,1
DA:58,2
DA:59,1
DA:61,1
DA:62,1
DA:64,0
DA:72,5
DA:73,0
DA:74,0
DA:78,5
DA:79,5
DA:80,5
DA:86,5
DA:87,3
DA:89,3
DA:93,0
DA:96,5
DA:98,5
DA:99,8
DA:100,8
DA:102,8
DA:148,8
DA:150,8
DA:151,2
DA:154,8
DA:156,8
DA:157,4
DA:159,4
DA:161,4
DA:162,4
DA:165,4
DA:166,4
DA:168,4
DA:169,0
DA:170,0
DA:173,4
DA:174,1
DA:175,1
DA:178,3
DA:182,1
DA:183,1
DA:186,1
DA:187,0
DA:190,1
DA:192,1
DA:204,0
DA:217,1
DA:218,1
DA:219,1
DA:221,0
DA:222,0
DA:227,2
DA:228,0
DA:231,2
DA:233,2
DA:256,2
DA:257,2
DA:264,2
DA:265,1
DA:267,1
DA:268,1
LF:89
LH:75
BRDA:13,0,0,13
BRDA:13,0,1,0
BRDA:36,1,0,0
BRDA:41,2,0,1
BRDA:41,2,1,0
BRDA:55,3,0,1
BRDA:58,4,0,1
BRDA:61,5,0,1
BRDA:72,6,0,0
BRDA:86,7,0,3
BRDA:150,8,0,2
BRDA:165,9,0,4
BRDA:165,9,1,0
BRDA:168,10,0,0
BRDA:168,11,0,4
BRDA:168,11,1,4
BRDA:173,12,0,1
BRDA:173,13,0,4
BRDA:173,13,1,3
BRDA:178,14,0,3
BRDA:178,14,1,0
BRDA:186,15,0,0
BRDA:204,16,0,0
BRDA:204,16,1,1
BRDA:226,17,0,1
BRDA:227,18,0,0
BRF:26
BRH:16
end_of_record
TN:
SF:src/auth/auth.controller.ts
FN:9,(anonymous_4)
FN:15,(anonymous_5)
FN:27,(anonymous_6)
FN:35,(anonymous_7)
FNF:4
FNH:0
FNDA:0,(anonymous_4)
FNDA:0,(anonymous_5)
FNDA:0,(anonymous_6)
FNDA:0,(anonymous_7)
DA:1,0
DA:2,0
DA:3,0
DA:4,0
DA:8,0
DA:9,0
DA:15,0
DA:16,0
DA:17,0
DA:18,0
DA:20,0
DA:27,0
DA:28,0
DA:35,0
DA:36,0
DA:37,0
DA:39,0
LF:17
LH:0
BRDA:17,0,0,0
BRF:1
BRH:0
end_of_record
TN:
SF:src/auth/auth.service.ts
FN:19,(anonymous_3)
FN:35,(anonymous_4)
FN:58,(anonymous_5)
FN:79,(anonymous_6)
FN:86,(anonymous_7)
FNF:5
FNH:3
FNDA:3,(anonymous_3)
FNDA:1,(anonymous_4)
FNDA:2,(anonymous_5)
FNDA:0,(anonymous_6)
FNDA:0,(anonymous_7)
DA:1,1
DA:2,1
DA:3,1
DA:4,1
DA:5,1
DA:6,1
DA:9,1
DA:11,6
DA:12,6
DA:13,6
DA:20,3
DA:25,3
DA:27,2
DA:28,2
DA:30,1
DA:31,1
DA:36,1
DA:43,1
DA:59,2
DA:62,2
DA:65,1
DA:66,1
DA:67,1
DA:70,1
DA:79,1
DA:80,0
DA:83,1
DA:88,0
DA:95,0
DA:96,0
DA:99,0
DA:102,0
DA:111,0
LF:33
LH:26
BRDA:25,0,0,1
BRDA:25,1,0,3
BRDA:25,1,1,2
BRDA:28,2,0,1
BRDA:62,3,0,1
BRDA:95,4,0,0
BRF:6
BRH:5
end_of_record
TN:
SF:src/auth/jwt-auth.guard.ts
FNF:0
FNH:0
DA:1,0
DA:2,0
DA:5,0
LF:3
LH:0
BRF:0
BRH:0
end_of_record
TN:
SF:src/auth/jwt.strategy.ts
FN:8,(anonymous_2)
FN:16,(anonymous_3)
FNF:2
FNH:0
FNDA:0,(anonymous_2)
FNDA:0,(anonymous_3)
DA:1,0
DA:2,0
DA:3,0
DA:4,0
DA:7,0
DA:8,0
DA:9,0
DA:17,0
LF:8
LH:0
BRF:0
BRH:0
end_of_record
TN:
SF:src/backoffice/backoffice.controller.ts
FN:12,(anonymous_4)
FN:16,(anonymous_5)
FN:22,(anonymous_6)
FN:28,(anonymous_7)
FN:34,(anonymous_8)
FNF:5
FNH:0
FNDA:0,(anonymous_4)
FNDA:0,(anonymous_5)
FNDA:0,(anonymous_6)
FNDA:0,(anonymous_7)
FNDA:0,(anonymous_8)
DA:1,0
DA:2,0
DA:3,0
DA:4,0
DA:5,0
DA:11,0
DA:12,0
DA:16,0
DA:17,0
DA:22,0
DA:23,0
DA:28,0
DA:29,0
DA:34,0
DA:35,0
LF:15
LH:0
BRF:0
BRH:0
end_of_record
TN:
SF:src/backoffice/backoffice.service.ts
FN:8,(anonymous_2)
FN:13,(anonymous_3)
FN:25,(anonymous_4)
FN:35,(anonymous_5)
FN:60,(anonymous_6)
FN:65,(anonymous_7)
FN:72,(anonymous_8)
FNF:7
FNH:7
FNDA:15,(anonymous_2)
FNDA:3,(anonymous_3)
FNDA:9,(anonymous_4)
FNDA:7,(anonymous_5)
FNDA:1,(anonymous_6)
FNDA:4,(anonymous_7)
FNDA:2,(anonymous_8)
DA:1,1
DA:2,1
DA:3,1
DA:4,1
DA:7,1
DA:9,15
DA:10,15
DA:14,3
DA:22,3
DA:26,9
DA:29,9
DA:30,9
DA:32,7
DA:35,7
DA:36,7
DA:45,7
DA:55,7
DA:59,7
DA:60,1
DA:62,7
DA:66,4
DA:73,2
DA:75,2
LF:23
LH:23
BRDA:30,0,0,2
BRDA:39,1,0,7
BRDA:39,1,1,1
BRF:3
BRH:3
end_of_record
TN:
SF:src/backoffice/super-admin.guard.ts
FN:5,(anonymous_1)
FNF:1
FNH:0
FNDA:0,(anonymous_1)
DA:1,0
DA:4,0
DA:6,0
DA:7,0
DA:9,0
DA:10,0
DA:13,0
LF:7
LH:0
BRDA:9,0,0,0
BRDA:9,1,0,0
BRDA:9,1,1,0
BRF:3
BRH:0
end_of_record
TN:
SF:src/common/validators.ts
FN:1,validateCNPJ
FN:36,validateCPF
FNF:2
FNH:2
FNDA:4,validateCNPJ
FNDA:1,validateCPF
DA:1,1
DA:2,4
DA:3,4
DA:4,4
DA:7,3
DA:10,3
DA:11,3
DA:12,3
DA:13,3
DA:14,3
DA:15,3
DA:16,36
DA:17,36
DA:19,3
DA:20,3
DA:22,3
DA:23,3
DA:24,3
DA:25,3
DA:26,3
DA:27,39
DA:28,39
DA:30,3
DA:31,3
DA:33,3
DA:36,1
DA:37,1
DA:38,1
DA:39,1
DA:42,0
DA:44,0
DA:46,0
DA:47,0
DA:49,0
DA:50,0
DA:52,0
DA:53,0
DA:54,0
DA:56,0
DA:57,0
DA:58,0
LF:41
LH:29
BRDA:3,0,0,0
BRDA:4,1,0,1
BRDA:7,2,0,0
BRDA:17,3,0,6
BRDA:19,4,0,0
BRDA:19,4,1,3
BRDA:20,5,0,0
BRDA:28,6,0,6
BRDA:30,7,0,0
BRDA:30,7,1,3
BRDA:31,8,0,0
BRDA:38,9,0,0
BRDA:39,10,0,1
BRDA:42,11,0,0
BRDA:49,12,0,0
BRDA:49,13,0,0
BRDA:49,13,1,0
BRDA:50,14,0,0
BRDA:56,15,0,0
BRDA:56,16,0,0
BRDA:56,16,1,0
BRDA:57,17,0,0
BRF:22
BRH:6
end_of_record
TN:
SF:src/common/filters/http-exception.filter.ts
FN:15,(anonymous_2)
FN:17,(anonymous_3)
FNF:2
FNH:2
FNDA:3,(anonymous_2)
FNDA:2,(anonymous_3)
DA:1,1
DA:9,1
DA:12,1
DA:13,3
DA:15,3
DA:18,2
DA:19,2
DA:22,2
DA:26,2
DA:27,2
DA:29,2
DA:36,2
DA:37,1
DA:38,1
DA:39,1
DA:42,1
DA:45,2
LF:17
LH:17
BRDA:22,0,0,1
BRDA:22,0,1,1
BRDA:26,1,0,1
BRDA:26,1,1,1
BRDA:27,2,0,2
BRDA:27,2,1,2
BRDA:27,2,2,1
BRDA:36,3,0,1
BRDA:36,3,1,1
BRDA:38,4,0,1
BRF:10
BRH:10
end_of_record
TN:
SF:src/common/guards/zapi-auth.guard.ts
FN:6,(anonymous_1)
FNF:1
FNH:1
FNDA:5,(anonymous_1)
DA:1,1
DA:5,1
DA:9,5
DA:10,5
DA:11,5
DA:13,5
DA:14,1
DA:15,1
DA:18,4
DA:19,2
DA:22,2
LF:11
LH:11
BRDA:10,0,0,5
BRDA:10,0,1,2
BRDA:13,1,0,1
BRDA:18,2,0,2
BRF:4
BRH:4
end_of_record
TN:
SF:src/config/env.validation.ts
FNF:0
FNH:0
DA:1,1
DA:3,1
LF:2
LH:2
BRF:0
BRH:0
end_of_record
TN:
SF:src/customers/customers.controller.ts
FN:8,(anonymous_4)
FN:11,(anonymous_5)
FN:22,(anonymous_6)
FN:28,(anonymous_7)
FN:33,(anonymous_8)
FN:38,(anonymous_9)
FN:41,(anonymous_10)
FNF:7
FNH:0
FNDA:0,(anonymous_4)
FNDA:0,(anonymous_5)
FNDA:0,(anonymous_6)
FNDA:0,(anonymous_7)
FNDA:0,(anonymous_8)
FNDA:0,(anonymous_9)
FNDA:0,(anonymous_10)
DA:1,0
DA:2,0
DA:3,0
DA:7,0
DA:8,0
DA:11,0
DA:18,0
DA:22,0
DA:23,0
DA:28,0
DA:29,0
DA:33,0
DA:34,0
DA:38,0
DA:41,0
DA:42,0
LF:16
LH:0
BRDA:13,0,0,0
BRDA:14,1,0,0
BRDA:15,2,0,0
BRDA:16,3,0,0
BRF:4
BRH:0
end_of_record
TN:
SF:src/customers/customers.service.ts
FN:10,(anonymous_2)
FN:13,(anonymous_3)
FN:49,(anonymous_4)
FN:59,(anonymous_5)
FN:112,(anonymous_6)
FN:136,(anonymous_7)
FN:152,(anonymous_8)
FN:194,(anonymous_9)
FN:205,(anonymous_10)
FN:324,(anonymous_11)
FNF:10
FNH:10
FNDA:20,(anonymous_2)
FNDA:7,(anonymous_3)
FNDA:4,(anonymous_4)
FNDA:9,(anonymous_5)
FNDA:2,(anonymous_6)
FNDA:2,(anonymous_7)
FNDA:2,(anonymous_8)
FNDA:2,(anonymous_9)
FNDA:1,(anonymous_10)
FNDA:6,(anonymous_11)
DA:1,1
DA:2,1
DA:3,1
DA:4,1
DA:7,1
DA:8,20
DA:10,20
DA:14,7
DA:16,6
DA:18,6
DA:28,6
DA:39,6
DA:50,4
DA:55,4
DA:56,1
DA:60,9
DA:63,9
DA:68,9
DA:69,58
DA:70,2
DA:74,7
DA:75,2
DA:79,5
DA:86,2
DA:90,3
DA:91,2
DA:94,1
DA:96,1
DA:97,1
DA:107,0
DA:108,0
DA:113,2
DA:114,2
DA:117,2
DA:118,0
DA:121,2
DA:123,2
DA:124,2
DA:126,1
DA:131,1
DA:132,1
DA:137,2
DA:138,2
DA:140,2
DA:141,2
DA:149,2
DA:152,2
DA:154,2
DA:155,2
DA:156,2
DA:158,2
DA:159,1
DA:160,1
DA:162,1
DA:174,1
DA:175,1
DA:187,0
DA:189,0
DA:196,2
DA:197,2
DA:200,2
DA:204,2
DA:205,2
DA:208,2
DA:209,2
DA:211,2
DA:212,2
DA:216,2
DA:217,4
DA:220,4
DA:221,4
DA:223,4
DA:224,1
DA:226,4
DA:228,1
DA:230,1
DA:234,3
DA:235,3
DA:236,2
DA:238,2
DA:239,1
DA:241,1
DA:242,1
DA:249,1
DA:250,1
DA:252,0
DA:258,3
DA:266,3
DA:281,3
DA:284,3
DA:285,3
DA:286,2
DA:290,3
DA:291,3
DA:292,1
DA:299,1
DA:301,2
DA:308,2
DA:311,0
DA:317,2
DA:325,6
DA:328,6
DA:329,6
DA:330,6
DA:332,6
DA:333,6
DA:335,0
DA:336,0
DA:339,6
DA:340,4
DA:348,6
DA:349,0
DA:353,6
DA:354,1
DA:355,1
DA:356,0
DA:360,6
LF:117
LH:106
BRDA:14,0,0,1
BRDA:20,1,0,1
BRDA:20,1,1,5
BRDA:21,2,0,1
BRDA:21,2,1,5
BRDA:55,3,0,3
BRDA:69,4,0,2
BRDA:69,5,0,58
BRDA:69,5,1,2
BRDA:74,6,0,2
BRDA:79,7,0,2
BRDA:79,8,0,5
BRDA:79,8,1,5
BRDA:79,8,2,3
BRDA:79,8,3,3
BRDA:79,8,4,3
BRDA:79,8,5,3
BRDA:79,8,6,3
BRDA:90,9,0,2
BRDA:90,10,0,3
BRDA:90,10,1,1
BRDA:100,11,0,1
BRDA:100,11,1,1
BRDA:101,12,0,1
BRDA:101,12,1,0
BRDA:117,13,0,0
BRDA:118,14,0,0
BRDA:118,14,1,0
BRDA:124,15,0,1
BRDA:138,16,0,0
BRDA:140,17,0,2
BRDA:140,17,1,0
BRDA:149,18,0,0
BRDA:158,19,0,1
BRDA:158,19,1,1
BRDA:158,20,0,2
BRDA:158,20,1,2
BRDA:168,21,0,1
BRDA:168,21,1,1
BRDA:220,22,0,4
BRDA:220,22,1,0
BRDA:223,23,0,3
BRDA:223,23,1,1
BRDA:224,24,0,0
BRDA:226,25,0,1
BRDA:235,26,0,2
BRDA:238,27,0,1
BRDA:238,27,1,1
BRDA:267,28,0,3
BRDA:267,28,1,3
BRDA:275,29,0,3
BRDA:275,29,1,3
BRDA:276,30,0,3
BRDA:276,30,1,3
BRDA:285,31,0,2
BRDA:291,32,0,1
BRDA:291,32,1,2
BRDA:328,33,0,4
BRDA:329,34,0,1
BRDA:330,35,0,1
BRDA:332,36,0,6
BRDA:332,36,1,0
BRDA:332,37,0,6
BRDA:332,37,1,6
BRDA:332,37,2,6
BRDA:336,38,0,0
BRDA:336,38,1,0
BRDA:339,39,0,4
BRDA:342,40,0,4
BRDA:342,40,1,4
BRDA:343,41,0,4
BRDA:343,41,1,4
BRDA:348,42,0,0
BRDA:353,43,0,1
BRDA:355,44,0,0
BRF:75
BRH:61
end_of_record
TN:
SF:src/deliveries/deliveries.controller.ts
FN:12,(anonymous_4)
FN:16,(anonymous_5)
FNF:2
FNH:0
FNDA:0,(anonymous_4)
FNDA:0,(anonymous_5)
DA:1,0
DA:2,0
DA:3,0
DA:4,0
DA:5,0
DA:11,0
DA:12,0
DA:16,0
DA:17,0
LF:9
LH:0
BRF:0
BRH:0
end_of_record
TN:
SF:src/deliveries/deliveries.service.ts
FN:7,(anonymous_2)
FN:9,(anonymous_3)
FN:90,(anonymous_4)
FNF:3
FNH:3
FNDA:2,(anonymous_2)
FNDA:2,(anonymous_3)
FNDA:2,(anonymous_4)
DA:1,1
DA:2,1
DA:6,1
DA:7,2
DA:10,2
DA:11,2
DA:13,2
DA:34,2
DA:35,0
DA:36,0
DA:37,0
DA:42,2
DA:43,0
DA:44,0
DA:46,0
DA:51,2
DA:52,0
DA:56,2
DA:57,0
DA:61,2
DA:62,0
DA:74,2
DA:90,2
DA:95,2
LF:24
LH:15
BRDA:10,0,0,0
BRDA:10,1,0,0
BRDA:34,2,0,0
BRDA:34,3,0,2
BRDA:34,3,1,2
BRDA:36,4,0,0
BRDA:37,5,0,0
BRDA:42,6,0,0
BRDA:43,7,0,0
BRDA:43,7,1,0
BRDA:51,8,0,0
BRDA:56,9,0,0
BRDA:56,10,0,2
BRDA:56,10,1,0
BRDA:61,11,0,0
BRF:15
BRH:3
end_of_record
TN:
SF:src/drivers/drivers.controller.ts
FN:13,(anonymous_4)
FN:21,(anonymous_5)
FN:32,(anonymous_6)
FN:43,(anonymous_7)
FN:49,(anonymous_8)
FN:55,(anonymous_9)
FN:63,(anonymous_10)
FNF:7
FNH:0
FNDA:0,(anonymous_4)
FNDA:0,(anonymous_5)
FNDA:0,(anonymous_6)
FNDA:0,(anonymous_7)
FNDA:0,(anonymous_8)
FNDA:0,(anonymous_9)
FNDA:0,(anonymous_10)
DA:1,0
DA:2,0
DA:3,0
DA:5,0
DA:6,0
DA:12,0
DA:14,0
DA:15,0
DA:21,0
DA:23,0
DA:24,0
DA:32,0
DA:38,0
DA:43,0
DA:44,0
DA:49,0
DA:50,0
DA:55,0
DA:56,0
DA:57,0
DA:59,0
DA:63,0
DA:64,0
DA:65,0
DA:66,0
DA:67,0
DA:69,0
LF:27
LH:0
BRDA:34,0,0,0
BRDA:35,1,0,0
BRDA:56,2,0,0
BRDA:56,3,0,0
BRDA:56,3,1,0
BRDA:69,4,0,0
BRDA:69,4,1,0
BRF:7
BRH:0
end_of_record
TN:
SF:src/drivers/drivers.service.ts
FN:11,(anonymous_2)
FN:17,(anonymous_3)
FN:32,(anonymous_4)
FN:54,(anonymous_5)
FN:78,(anonymous_6)
FN:118,(anonymous_7)
FN:155,(anonymous_8)
FN:170,(anonymous_9)
FN:247,(anonymous_10)
FN:267,(anonymous_11)
FN:268,(anonymous_12)
FN:284,(anonymous_13)
FNF:12
FNH:9
FNDA:3,(anonymous_2)
FNDA:1,(anonymous_3)
FNDA:1,(anonymous_4)
FNDA:0,(anonymous_5)
FNDA:1,(anonymous_6)
FNDA:1,(anonymous_7)
FNDA:0,(anonymous_8)
FNDA:0,(anonymous_9)
FNDA:1,(anonymous_10)
FNDA:3,(anonymous_11)
FNDA:3,(anonymous_12)
FNDA:1,(anonymous_13)
DA:1,1
DA:2,1
DA:5,1
DA:8,1
DA:9,3
DA:12,3
DA:13,3
DA:18,1
DA:19,1
DA:20,1
DA:21,1
DA:23,1
DA:24,1
DA:27,1
DA:28,1
DA:33,1
DA:35,1
DA:36,0
DA:45,1
DA:55,0
DA:57,0
DA:59,0
DA:60,0
DA:61,0
DA:70,0
DA:79,1
DA:81,1
DA:82,1
DA:84,1
DA:85,0
DA:86,0
DA:95,1
DA:106,1
DA:119,1
DA:122,1
DA:123,1
DA:125,1
DA:135,1
DA:136,1
DA:137,1
DA:139,1
DA:140,1
DA:143,1
DA:150,1
DA:156,0
DA:157,0
DA:160,0
DA:161,0
DA:163,0
DA:171,0
DA:174,0
DA:175,0
DA:177,0
DA:178,0
DA:180,0
DA:181,0
DA:183,0
DA:185,0
DA:192,0
DA:193,0
DA:194,0
DA:197,0
DA:198,0
DA:210,0
DA:212,0
DA:229,0
DA:230,0
DA:231,0
DA:234,0
DA:241,0
DA:244,0
DA:248,1
DA:253,1
DA:255,1
DA:256,1
DA:258,1
DA:266,1
DA:267,3
DA:268,3
DA:270,1
DA:274,1
DA:284,1
DA:285,1
DA:288,1
LF:84
LH:48
BRDA:19,0,0,1
BRDA:20,1,0,1
BRDA:23,2,0,1
BRDA:23,3,0,1
BRDA:23,3,1,1
BRDA:27,4,0,1
BRDA:33,5,0,1
BRDA:33,5,1,1
BRDA:35,6,0,0
BRDA:40,7,0,0
BRDA:40,7,1,0
BRDA:47,8,0,1
BRDA:47,8,1,1
BRDA:48,9,0,1
BRDA:48,9,1,1
BRDA:49,10,0,1
BRDA:49,10,1,1
BRDA:55,11,0,0
BRDA:59,12,0,0
BRDA:63,13,0,0
BRDA:63,13,1,0
BRDA:78,14,0,0
BRDA:78,15,0,0
BRDA:79,16,0,0
BRDA:84,17,0,0
BRDA:88,18,0,0
BRDA:88,18,1,0
BRDA:123,19,0,0
BRDA:135,20,0,1
BRDA:161,21,0,0
BRDA:175,22,0,0
BRDA:183,23,0,0
BRDA:193,24,0,0
BRDA:193,25,0,0
BRDA:193,25,1,0
BRDA:197,26,0,0
BRDA:197,26,1,0
BRDA:229,27,0,0
BRDA:253,28,0,0
BRDA:270,29,0,1
BRDA:270,29,1,0
BRDA:285,30,0,1
BRDA:285,30,1,0
BRF:43
BRH:17
end_of_record
TN:
SF:src/journey/journey.controller.ts
FN:12,(anonymous_4)
FN:17,(anonymous_5)
FN:33,(anonymous_6)
FNF:3
FNH:0
FNDA:0,(anonymous_4)
FNDA:0,(anonymous_5)
FNDA:0,(anonymous_6)
DA:1,0
DA:2,0
DA:3,0
DA:5,0
DA:11,0
DA:12,0
DA:17,0
DA:26,0
DA:27,0
DA:33,0
DA:38,0
LF:11
LH:0
BRDA:26,0,0,0
BRDA:26,0,1,0
BRF:2
BRH:0
end_of_record
TN:
SF:src/journey/journey.service.ts
FN:7,(anonymous_2)
FN:9,(anonymous_3)
FN:90,(anonymous_4)
FNF:3
FNH:3
FNDA:19,(anonymous_2)
FNDA:17,(anonymous_3)
FNDA:3,(anonymous_4)
DA:1,2
DA:2,2
DA:6,2
DA:7,19
DA:21,17
DA:25,17
DA:26,3
DA:30,14
DA:31,14
DA:34,14
DA:35,1
DA:39,13
DA:40,3
DA:41,1
DA:44,2
DA:45,1
DA:50,11
DA:51,10
DA:52,10
DA:55,10
DA:56,1
DA:60,9
DA:73,9
DA:74,9
DA:75,2
DA:78,9
DA:87,9
DA:91,3
DA:93,3
DA:94,1
DA:95,1
DA:96,1
DA:97,1
DA:98,1
DA:104,3
LF:35
LH:35
BRDA:25,0,0,3
BRDA:34,1,0,1
BRDA:34,2,0,14
BRDA:34,2,1,6
BRDA:34,2,2,2
BRDA:39,3,0,3
BRDA:40,4,0,1
BRDA:40,5,0,3
BRDA:40,5,1,2
BRDA:44,6,0,1
BRDA:50,7,0,1
BRDA:50,8,0,11
BRDA:50,8,1,3
BRDA:51,9,0,0
BRDA:51,10,0,10
BRDA:51,10,1,0
BRDA:52,11,0,0
BRDA:52,12,0,10
BRDA:52,12,1,0
BRDA:55,13,0,1
BRDA:55,14,0,10
BRDA:55,14,1,2
BRDA:74,15,0,2
BRDA:83,16,0,1
BRDA:83,16,1,8
BRDA:93,17,0,1
BRF:26
BRH:22
end_of_record
TN:
SF:src/mail/mail.service.ts
FN:12,(anonymous_2)
FN:16,(anonymous_3)
FN:30,(anonymous_4)
FN:53,(anonymous_5)
FN:68,(anonymous_6)
FN:90,(anonymous_7)
FN:167,(anonymous_8)
FN:182,(anonymous_9)
FNF:8
FNH:7
FNDA:14,(anonymous_2)
FNDA:14,(anonymous_3)
FNDA:1,(anonymous_4)
FNDA:13,(anonymous_5)
FNDA:0,(anonymous_6)
FNDA:11,(anonymous_7)
FNDA:6,(anonymous_8)
FNDA:5,(anonymous_9)
DA:1,4
DA:2,4
DA:3,4
DA:6,4
DA:8,14
DA:9,14
DA:10,14
DA:13,14
DA:18,14
DA:19,0
DA:20,14
DA:22,1
DA:23,1
DA:26,13
DA:31,1
DA:32,1
DA:33,1
DA:37,1
DA:54,13
DA:55,13
DA:64,13
DA:65,13
DA:69,0
DA:70,0
DA:73,0
DA:74,0
DA:80,0
DA:82,0
DA:83,0
DA:85,0
DA:86,0
DA:92,11
DA:93,0
DA:94,0
DA:96,0
DA:97,0
DA:101,0
DA:102,0
DA:103,0
DA:104,0
DA:105,0
DA:110,0
DA:112,0
DA:129,0
DA:135,0
DA:136,0
DA:139,0
DA:142,0
DA:147,11
DA:148,11
DA:155,10
DA:157,10
DA:158,10
DA:160,10
DA:163,0
DA:164,0
DA:168,6
DA:169,6
DA:179,6
DA:183,5
DA:184,5
DA:204,5
LF:62
LH:34
BRDA:18,0,0,0
BRDA:18,0,1,14
BRDA:18,1,0,14
BRDA:18,1,1,0
BRDA:20,2,0,1
BRDA:20,2,1,13
BRDA:32,3,0,1
BRDA:32,3,1,0
BRDA:33,4,0,0
BRDA:33,4,1,1
BRDA:69,5,0,0
BRDA:69,6,0,0
BRDA:69,6,1,0
BRDA:92,7,0,0
BRDA:92,8,0,11
BRDA:92,8,1,0
BRDA:96,9,0,0
BRDA:96,9,1,0
BRDA:97,10,0,0
BRDA:97,10,1,0
BRDA:101,11,0,0
BRDA:101,12,0,0
BRDA:101,12,1,0
BRDA:101,12,2,0
BRDA:103,13,0,0
BRDA:135,14,0,0
BRDA:135,14,1,0
BRDA:139,15,0,0
BRDA:139,15,1,0
BRDA:147,16,0,11
BRDA:149,17,0,11
BRDA:149,17,1,11
BRDA:157,18,0,10
BRF:33
BRH:11
end_of_record
TN:
SF:src/occurrences/occurrences.controller.ts
FN:12,(anonymous_4)
FN:16,(anonymous_5)
FNF:2
FNH:0
FNDA:0,(anonymous_4)
FNDA:0,(anonymous_5)
DA:1,0
DA:2,0
DA:3,0
DA:4,0
DA:5,0
DA:11,0
DA:12,0
DA:16,0
DA:17,0
LF:9
LH:0
BRF:0
BRH:0
end_of_record
TN:
SF:src/occurrences/occurrences.service.ts
FN:7,(anonymous_2)
FN:9,(anonymous_3)
FN:85,(anonymous_4)
FNF:3
FNH:3
FNDA:2,(anonymous_2)
FNDA:2,(anonymous_3)
FNDA:2,(anonymous_4)
DA:1,1
DA:2,1
DA:6,1
DA:7,2
DA:10,2
DA:11,2
DA:13,2
DA:18,2
DA:19,1
DA:20,1
DA:21,1
DA:39,2
DA:44,2
DA:45,1
DA:46,1
DA:47,1
DA:50,2
DA:51,1
DA:54,2
DA:55,1
DA:62,2
DA:63,0
DA:64,0
DA:66,0
DA:70,2
DA:85,2
DA:90,2
LF:27
LH:24
BRDA:10,0,0,0
BRDA:10,1,0,0
BRDA:18,2,0,1
BRDA:18,3,0,2
BRDA:18,3,1,1
BRDA:20,4,0,1
BRDA:21,5,0,1
BRDA:44,6,0,1
BRDA:44,7,0,2
BRDA:44,7,1,1
BRDA:46,8,0,1
BRDA:47,9,0,1
BRDA:50,10,0,1
BRDA:50,11,0,2
BRDA:50,11,1,1
BRDA:54,12,0,1
BRDA:62,13,0,0
BRDA:62,14,0,2
BRDA:62,14,1,0
BRDA:63,15,0,0
BRDA:63,15,1,0
BRF:21
BRH:15
end_of_record
TN:
SF:src/routes/routes.controller.ts
FN:13,(anonymous_4)
FN:18,(anonymous_5)
FN:24,(anonymous_6)
FN:30,(anonymous_7)
FN:39,(anonymous_8)
FN:45,(anonymous_9)
FN:51,(anonymous_10)
FN:57,(anonymous_11)
FN:63,(anonymous_12)
FNF:9
FNH:0
FNDA:0,(anonymous_4)
FNDA:0,(anonymous_5)
FNDA:0,(anonymous_6)
FNDA:0,(anonymous_7)
FNDA:0,(anonymous_8)
FNDA:0,(anonymous_9)
FNDA:0,(anonymous_10)
FNDA:0,(anonymous_11)
FNDA:0,(anonymous_12)
DA:1,0
DA:2,0
DA:3,0
DA:4,0
DA:5,0
DA:6,0
DA:12,0
DA:13,0
DA:18,0
DA:19,0
DA:24,0
DA:25,0
DA:30,0
DA:34,0
DA:39,0
DA:40,0
DA:45,0
DA:46,0
DA:51,0
DA:52,0
DA:57,0
DA:58,0
DA:63,0
DA:67,0
LF:24
LH:0
BRDA:19,0,0,0
BRDA:19,0,1,0
BRDA:25,1,0,0
BRDA:25,1,1,0
BRF:4
BRH:0
end_of_record
TN:
SF:src/routes/routes.service.ts
FN:13,(anonymous_4)
FN:19,(anonymous_5)
FN:53,(anonymous_6)
FN:58,(anonymous_7)
FN:111,(anonymous_8)
FN:188,(anonymous_9)
FN:202,(anonymous_10)
FN:225,(anonymous_11)
FN:238,(anonymous_12)
FN:246,(anonymous_13)
FN:250,(anonymous_14)
FN:257,(anonymous_15)
FN:260,(anonymous_16)
FN:342,(anonymous_17)
FN:343,(anonymous_18)
FN:344,(anonymous_19)
FN:345,(anonymous_20)
FN:365,(anonymous_21)
FN:442,(anonymous_22)
FN:469,(anonymous_23)
FN:485,(anonymous_24)
FN:503,(anonymous_25)
FN:539,(anonymous_26)
FN:540,(anonymous_27)
FN:543,(anonymous_28)
FN:545,(anonymous_29)
FN:546,(anonymous_30)
FN:559,(anonymous_31)
FN:579,(anonymous_32)
FN:618,(anonymous_33)
FNF:30
FNH:10
FNDA:7,(anonymous_4)
FNDA:1,(anonymous_5)
FNDA:0,(anonymous_6)
FNDA:2,(anonymous_7)
FNDA:0,(anonymous_8)
FNDA:2,(anonymous_9)
FNDA:1,(anonymous_10)
FNDA:1,(anonymous_11)
FNDA:3,(anonymous_12)
FNDA:12,(anonymous_13)
FNDA:0,(anonymous_14)
FNDA:1,(anonymous_15)
FNDA:1,(anonymous_16)
FNDA:0,(anonymous_17)
FNDA:0,(anonymous_18)
FNDA:0,(anonymous_19)
FNDA:0,(anonymous_20)
FNDA:0,(anonymous_21)
FNDA:0,(anonymous_22)
FNDA:0,(anonymous_23)
FNDA:0,(anonymous_24)
FNDA:0,(anonymous_25)
FNDA:0,(anonymous_26)
FNDA:0,(anonymous_27)
FNDA:0,(anonymous_28)
FNDA:0,(anonymous_29)
FNDA:0,(anonymous_30)
FNDA:0,(anonymous_31)
FNDA:0,(anonymous_32)
FNDA:0,(anonymous_33)
DA:1,1
DA:2,1
DA:4,1
DA:6,1
DA:10,1
DA:11,7
DA:14,7
DA:15,7
DA:16,7
DA:20,1
DA:21,0
DA:26,1
DA:27,1
DA:30,0
DA:33,0
DA:34,0
DA:35,0
DA:36,0
DA:41,1
DA:42,0
DA:43,0
DA:49,1
DA:50,1
DA:54,0
DA:55,0
DA:59,2
DA:62,2
DA:65,2
DA:66,2
DA:67,0
DA:68,0
DA:72,2
DA:74,2
DA:76,2
DA:77,2
DA:78,2
DA:79,2
DA:80,2
DA:83,2
DA:106,2
DA:108,2
DA:115,0
DA:116,0
DA:122,0
DA:123,0
DA:125,0
DA:128,0
DA:129,0
DA:130,0
DA:131,0
DA:135,0
DA:136,0
DA:137,0
DA:139,0
DA:144,0
DA:145,0
DA:149,0
DA:150,0
DA:158,0
DA:173,0
DA:175,0
DA:189,2
DA:198,2
DA:199,1
DA:203,1
DA:204,1
DA:207,1
DA:208,1
DA:210,1
DA:211,1
DA:212,1
DA:214,1
DA:220,1
DA:222,1
DA:226,1
DA:227,1
DA:229,1
DA:230,1
DA:233,1
DA:235,1
DA:240,3
DA:246,12
DA:247,3
DA:251,0
DA:252,0
DA:253,0
DA:258,1
DA:260,1
DA:263,1
DA:265,1
DA:267,0
DA:268,0
DA:269,0
DA:271,0
DA:273,0
DA:275,0
DA:276,0
DA:277,0
DA:284,0
DA:286,0
DA:292,0
DA:294,0
DA:295,0
DA:303,0
DA:304,0
DA:305,0
DA:307,0
DA:311,0
DA:315,1
DA:316,1
DA:320,1
DA:322,1
DA:323,0
DA:324,0
DA:331,0
DA:332,0
DA:334,0
DA:338,1
DA:339,1
DA:342,1
DA:343,1
DA:344,1
DA:345,1
DA:348,1
DA:362,1
DA:363,1
DA:365,1
DA:366,0
DA:368,0
DA:369,0
DA:370,0
DA:372,0
DA:373,0
DA:376,1
DA:377,0
DA:380,0
DA:382,0
DA:385,0
DA:386,0
DA:390,0
DA:391,0
DA:396,0
DA:397,0
DA:400,0
DA:401,0
DA:404,0
DA:420,1
DA:421,0
DA:422,0
DA:423,0
DA:429,1
DA:442,1
DA:458,1
DA:459,0
DA:465,1
DA:466,1
DA:467,1
DA:468,1
DA:469,1
DA:473,1
DA:476,1
DA:478,1
DA:486,0
DA:493,0
DA:494,0
DA:495,0
DA:497,0
DA:504,0
DA:505,0
DA:506,0
DA:509,0
DA:538,0
DA:539,0
DA:540,0
DA:543,0
DA:544,0
DA:545,0
DA:546,0
DA:547,0
DA:548,0
DA:550,0
DA:559,0
DA:562,0
DA:578,0
DA:579,0
DA:596,0
DA:606,0
DA:618,0
LF:188
LH:82
BRDA:20,0,0,0
BRDA:26,1,0,1
BRDA:26,1,1,0
BRDA:33,2,0,0
BRDA:34,3,0,0
BRDA:34,4,0,0
BRDA:34,4,1,0
BRDA:41,5,0,0
BRDA:54,6,0,0
BRDA:54,7,0,0
BRDA:54,7,1,0
BRDA:59,8,0,0
BRDA:62,9,0,2
BRDA:62,9,1,2
BRDA:66,10,0,0
BRDA:76,11,0,2
BRDA:76,12,0,2
BRDA:76,12,1,2
BRDA:77,13,0,2
BRDA:77,13,1,2
BRDA:115,14,0,0
BRDA:122,15,0,0
BRDA:122,16,0,0
BRDA:128,17,0,0
BRDA:128,18,0,0
BRDA:128,18,1,0
BRDA:130,19,0,0
BRDA:131,20,0,0
BRDA:135,21,0,0
BRDA:136,22,0,0
BRDA:136,22,1,0
BRDA:144,23,0,0
BRDA:144,24,0,0
BRDA:144,24,1,0
BRDA:149,25,0,0
BRDA:198,26,0,1
BRDA:208,27,0,0
BRDA:210,28,0,0
BRDA:211,29,0,0
BRDA:212,30,0,0
BRDA:227,31,0,0
BRDA:252,32,0,0
BRDA:265,33,0,0
BRDA:265,33,1,1
BRDA:268,34,0,0
BRDA:268,34,1,0
BRDA:269,35,0,0
BRDA:269,35,1,0
BRDA:273,36,0,0
BRDA:273,36,1,0
BRDA:273,37,0,0
BRDA:273,37,1,0
BRDA:276,38,0,0
BRDA:284,39,0,0
BRDA:284,39,1,0
BRDA:284,40,0,0
BRDA:284,40,1,0
BRDA:292,41,0,0
BRDA:303,42,0,0
BRDA:304,43,0,0
BRDA:304,43,1,0
BRDA:304,44,0,0
BRDA:304,44,1,0
BRDA:305,45,0,0
BRDA:305,45,1,0
BRDA:305,46,0,0
BRDA:305,46,1,0
BRDA:308,47,0,0
BRDA:308,47,1,0
BRDA:316,48,0,0
BRDA:322,49,0,0
BRDA:322,50,0,1
BRDA:322,50,1,0
BRDA:331,51,0,0
BRDA:343,52,0,0
BRDA:343,52,1,0
BRDA:366,53,0,0
BRDA:372,54,0,0
BRDA:373,55,0,0
BRDA:380,56,0,0
BRDA:385,57,0,0
BRDA:390,58,0,0
BRDA:396,59,0,0
BRDA:396,60,0,0
BRDA:396,60,1,0
BRDA:400,61,0,0
BRDA:400,61,1,0
BRDA:401,62,0,0
BRDA:401,62,1,0
BRDA:408,63,0,0
BRDA:408,63,1,0
BRDA:420,64,0,0
BRDA:422,65,0,0
BRDA:422,65,1,0
BRDA:434,66,0,1
BRDA:434,66,1,0
BRDA:435,67,0,1
BRDA:435,67,1,0
BRDA:458,68,0,0
BRDA:465,69,0,1
BRDA:467,70,0,1
BRDA:467,71,0,1
BRDA:467,71,1,1
BRDA:493,72,0,0
BRDA:494,73,0,0
BRDA:495,74,0,0
BRDA:503,75,0,0
BRDA:540,76,0,0
BRDA:540,76,1,0
BRDA:546,77,0,0
BRDA:546,77,1,0
BRDA:548,78,0,0
BRDA:548,78,1,0
BRDA:556,79,0,0
BRDA:556,79,1,0
BRDA:601,80,0,0
BRDA:601,80,1,0
BRDA:601,81,0,0
BRDA:601,81,1,0
BRDA:615,82,0,0
BRDA:615,82,1,0
BRDA:620,83,0,0
BRDA:620,83,1,0
BRDA:621,84,0,0
BRDA:621,84,1,0
BRDA:622,85,0,0
BRDA:622,85,1,0
BRF:127
BRH:17
end_of_record
TN:
SF:src/scripts/create-super-admin.ts
FN:6,main
FNF:1
FNH:0
FNDA:0,main
DA:1,0
DA:2,0
DA:4,0
DA:7,0
DA:8,0
DA:9,0
DA:11,0
DA:13,0
DA:15,0
DA:16,0
DA:17,0
DA:18,0
DA:26,0
DA:29,0
DA:45,0
DA:48,0
DA:49,0
DA:51,0
DA:55,0
LF:19
LH:0
BRDA:16,0,0,0
BRF:1
BRH:0
end_of_record
TN:
SF:src/scripts/promote-admin.ts
FN:5,main
FNF:1
FNH:0
FNDA:0,main
DA:1,0
DA:3,0
DA:6,0
DA:7,0
DA:8,0
DA:9,0
DA:13,0
DA:15,0
DA:16,0
DA:18,0
DA:22,0
LF:11
LH:0
BRF:0
BRH:0
end_of_record
TN:
SF:src/scripts/seed-production.ts
FN:6,main
FN:133,(anonymous_1)
FN:137,(anonymous_2)
FNF:3
FNH:0
FNDA:0,main
FNDA:0,(anonymous_1)
FNDA:0,(anonymous_2)
DA:1,0
DA:2,0
DA:4,0
DA:7,0
DA:10,0
DA:11,0
DA:13,0
DA:22,0
DA:25,0
DA:26,0
DA:27,0
DA:29,0
DA:40,0
DA:43,0
DA:49,0
DA:50,0
DA:70,0
DA:73,0
DA:78,0
DA:79,0
DA:98,0
DA:101,0
DA:109,0
DA:110,0
DA:128,0
DA:129,0
DA:132,0
DA:134,0
DA:135,0
DA:138,0
LF:30
LH:0
BRF:0
BRH:0
end_of_record
TN:
SF:src/sellers/sellers.controller.ts
FN:8,(anonymous_4)
FN:11,(anonymous_5)
FN:16,(anonymous_6)
FN:21,(anonymous_7)
FN:26,(anonymous_8)
FNF:5
FNH:0
FNDA:0,(anonymous_4)
FNDA:0,(anonymous_5)
FNDA:0,(anonymous_6)
FNDA:0,(anonymous_7)
FNDA:0,(anonymous_8)
DA:1,0
DA:2,0
DA:3,0
DA:7,0
DA:8,0
DA:11,0
DA:12,0
DA:16,0
DA:17,0
DA:21,0
DA:22,0
DA:26,0
DA:27,0
LF:13
LH:0
BRF:0
BRH:0
end_of_record
TN:
SF:src/sellers/sellers.service.ts
FN:6,(anonymous_2)
FN:8,(anonymous_3)
FN:18,(anonymous_4)
FN:28,(anonymous_5)
FN:43,(anonymous_6)
FNF:5
FNH:5
FNDA:11,(anonymous_2)
FNDA:5,(anonymous_3)
FNDA:3,(anonymous_4)
FNDA:3,(anonymous_5)
FNDA:1,(anonymous_6)
DA:1,1
DA:2,1
DA:5,1
DA:6,11
DA:9,5
DA:19,3
DA:20,3
DA:30,3
DA:32,3
DA:44,1
LF:10
LH:10
BRF:0
BRH:0
end_of_record
TN:
SF:src/shared/storage-format.util.ts
FN:5,toStorageFormatPhone
FNF:1
FNH:0
FNDA:0,toStorageFormatPhone
DA:5,0
DA:6,0
DA:7,0
LF:3
LH:0
BRDA:6,0,0,0
BRF:1
BRH:0
end_of_record
TN:
SF:src/storage/storage.controller.ts
FN:7,(anonymous_4)
FN:11,(anonymous_5)
FNF:2
FNH:0
FNDA:0,(anonymous_4)
FNDA:0,(anonymous_5)
DA:1,0
DA:2,0
DA:3,0
DA:6,0
DA:7,0
DA:11,0
DA:22,0
DA:27,0
LF:8
LH:0
BRF:0
BRH:0
end_of_record
TN:
SF:src/storage/storage.service.ts
FN:11,(anonymous_2)
FN:22,(anonymous_3)
FNF:2
FNH:2
FNDA:4,(anonymous_2)
FNDA:3,(anonymous_3)
DA:1,1
DA:2,1
DA:3,1
DA:6,1
DA:7,4
DA:9,4
DA:12,4
DA:23,3
DA:24,3
DA:26,3
DA:27,3
DA:38,2
DA:42,2
DA:44,1
DA:45,1
LF:15
LH:15
BRDA:38,0,0,1
BRDA:38,0,1,1
BRF:2
BRH:2
end_of_record
TN:
SF:src/tenants/tenants.controller.ts
FN:8,(anonymous_4)
FN:11,(anonymous_5)
FN:17,(anonymous_6)
FN:22,(anonymous_7)
FN:32,(anonymous_8)
FNF:5
FNH:0
FNDA:0,(anonymous_4)
FNDA:0,(anonymous_5)
FNDA:0,(anonymous_6)
FNDA:0,(anonymous_7)
FNDA:0,(anonymous_8)
DA:1,0
DA:2,0
DA:3,0
DA:7,0
DA:8,0
DA:11,0
DA:13,0
DA:17,0
DA:18,0
DA:22,0
DA:25,0
DA:28,0
DA:32,0
DA:33,0
LF:14
LH:0
BRDA:25,0,0,0
BRDA:25,1,0,0
BRDA:25,1,1,0
BRF:3
BRH:0
end_of_record
TN:
SF:src/tenants/tenants.service.ts
FN:6,(anonymous_2)
FN:8,(anonymous_3)
FN:14,(anonymous_4)
FNF:3
FNH:3
FNDA:8,(anonymous_2)
FNDA:2,(anonymous_3)
FNDA:6,(anonymous_4)
DA:1,1
DA:2,1
DA:5,1
DA:6,8
DA:9,2
DA:17,6
DA:19,6
LF:7
LH:7
BRF:0
BRH:0
end_of_record
TN:
SF:src/users/users.controller.ts
FN:11,(anonymous_4)
FN:15,(anonymous_5)
FN:21,(anonymous_6)
FN:27,(anonymous_7)
FN:33,(anonymous_8)
FNF:5
FNH:0
FNDA:0,(anonymous_4)
FNDA:0,(anonymous_5)
FNDA:0,(anonymous_6)
FNDA:0,(anonymous_7)
FNDA:0,(anonymous_8)
DA:1,0
DA:2,0
DA:3,0
DA:4,0
DA:10,0
DA:11,0
DA:15,0
DA:16,0
DA:21,0
DA:22,0
DA:27,0
DA:28,0
DA:33,0
DA:34,0
LF:14
LH:0
BRF:0
BRH:0
end_of_record
TN:
SF:src/users/users.service.ts
FN:10,(anonymous_2)
FN:15,(anonymous_3)
FN:32,(anonymous_4)
FN:53,(anonymous_5)
FN:58,(anonymous_6)
FN:68,(anonymous_7)
FNF:6
FNH:6
FNDA:17,(anonymous_2)
FNDA:4,(anonymous_3)
FNDA:9,(anonymous_4)
FNDA:2,(anonymous_5)
FNDA:3,(anonymous_6)
FNDA:2,(anonymous_7)
DA:1,1
DA:2,1
DA:4,1
DA:6,1
DA:9,1
DA:11,17
DA:12,17
DA:16,4
DA:33,9
DA:34,9
DA:36,9
DA:37,9
DA:38,2
DA:41,7
DA:52,7
DA:53,2
DA:55,7
DA:59,3
DA:60,1
DA:62,3
DA:69,2
LF:21
LH:21
BRDA:33,0,0,9
BRDA:33,0,1,1
BRDA:37,1,0,2
BRDA:46,2,0,7
BRDA:46,2,1,2
BRDA:59,3,0,1
BRF:6
BRH:6
end_of_record
TN:
SF:src/vehicles/vehicles.controller.ts
FN:11,(anonymous_4)
FN:16,(anonymous_5)
FN:22,(anonymous_6)
FN:28,(anonymous_7)
FN:34,(anonymous_8)
FNF:5
FNH:0
FNDA:0,(anonymous_4)
FNDA:0,(anonymous_5)
FNDA:0,(anonymous_6)
FNDA:0,(anonymous_7)
FNDA:0,(anonymous_8)
DA:1,0
DA:2,0
DA:3,0
DA:4,0
DA:10,0
DA:11,0
DA:16,0
DA:17,0
DA:22,0
DA:23,0
DA:28,0
DA:29,0
DA:34,0
DA:35,0
DA:36,0
DA:38,0
LF:16
LH:0
BRDA:35,0,0,0
BRDA:35,1,0,0
BRDA:35,1,1,0
BRF:3
BRH:0
end_of_record
TN:
SF:src/vehicles/vehicles.service.ts
FN:6,(anonymous_2)
FN:9,(anonymous_3)
FN:15,(anonymous_4)
FN:24,(anonymous_5)
FN:46,(anonymous_6)
FN:65,(anonymous_7)
FNF:6
FNH:5
FNDA:3,(anonymous_2)
FNDA:6,(anonymous_3)
FNDA:1,(anonymous_4)
FNDA:1,(anonymous_5)
FNDA:0,(anonymous_6)
FNDA:1,(anonymous_7)
DA:1,1
DA:2,1
DA:5,1
DA:6,3
DA:10,6
DA:11,0
DA:12,0
DA:16,1
DA:17,1
DA:25,1
DA:28,1
DA:40,1
DA:47,0
DA:50,0
DA:51,0
DA:54,0
DA:55,0
DA:56,0
DA:58,0
DA:66,1
DA:68,1
DA:69,2
DA:71,2
DA:73,2
DA:80,2
DA:92,2
DA:93,1
DA:97,1
DA:99,1
DA:106,1
DA:109,1
LF:31
LH:22
BRDA:10,0,0,6
BRDA:10,1,0,6
BRDA:10,1,1,0
BRDA:12,2,0,0
BRDA:12,2,1,0
BRDA:16,3,0,0
BRDA:33,4,0,1
BRDA:33,4,1,0
BRDA:34,5,0,1
BRDA:34,5,1,0
BRDA:35,6,0,0
BRDA:35,6,1,1
BRDA:36,7,0,1
BRDA:36,7,1,1
BRDA:50,8,0,0
BRDA:51,9,0,0
BRDA:54,10,0,0
BRDA:55,11,0,0
BRDA:56,12,0,0
BRDA:69,13,0,0
BRDA:84,14,0,0
BRDA:84,14,1,2
BRDA:85,15,0,0
BRDA:85,15,1,2
BRDA:86,16,0,0
BRDA:86,16,1,2
BRDA:87,17,0,2
BRDA:87,17,1,2
BRDA:92,18,0,1
BRDA:92,18,1,1
BRF:30
BRH:14
end_of_record
TN:
SF:src/webhook/webhook.controller.ts
FN:11,(anonymous_4)
FN:17,(anonymous_5)
FN:25,(anonymous_6)
FN:32,(anonymous_7)
FNF:4
FNH:0
FNDA:0,(anonymous_4)
FNDA:0,(anonymous_5)
FNDA:0,(anonymous_6)
FNDA:0,(anonymous_7)
DA:1,0
DA:2,0
DA:3,0
DA:4,0
DA:8,0
DA:9,0
DA:11,0
DA:17,0
DA:18,0
DA:25,0
DA:26,0
DA:32,0
DA:33,0
DA:35,0
DA:36,0
DA:37,0
DA:39,0
DA:42,0
DA:43,0
LF:19
LH:0
BRDA:35,0,0,0
BRF:1
BRH:0
end_of_record
TN:
SF:src/webhook/webhook.service.ts
FN:15,(anonymous_2)
FN:25,(anonymous_3)
FN:31,(anonymous_4)
FN:53,(anonymous_5)
FN:100,(anonymous_6)
FN:161,(anonymous_7)
FN:172,(anonymous_8)
FN:189,(anonymous_9)
FN:221,(anonymous_10)
FN:239,(anonymous_11)
FN:245,(anonymous_12)
FN:249,(anonymous_13)
FN:268,(anonymous_14)
FN:281,(anonymous_15)
FN:283,(anonymous_16)
FN:295,(anonymous_17)
FN:325,(anonymous_18)
FN:327,(anonymous_19)
FN:335,(anonymous_20)
FNF:19
FNH:8
FNDA:12,(anonymous_2)
FNDA:1,(anonymous_3)
FNDA:10,(anonymous_4)
FNDA:8,(anonymous_5)
FNDA:5,(anonymous_6)
FNDA:1,(anonymous_7)
FNDA:0,(anonymous_8)
FNDA:1,(anonymous_9)
FNDA:0,(anonymous_10)
FNDA:0,(anonymous_11)
FNDA:0,(anonymous_12)
FNDA:0,(anonymous_13)
FNDA:1,(anonymous_14)
FNDA:0,(anonymous_15)
FNDA:0,(anonymous_16)
FNDA:0,(anonymous_17)
FNDA:0,(anonymous_18)
FNDA:0,(anonymous_19)
FNDA:0,(anonymous_20)
DA:1,1
DA:2,1
DA:3,1
DA:4,1
DA:5,1
DA:6,1
DA:7,1
DA:8,1
DA:9,1
DA:12,1
DA:13,12
DA:16,12
DA:17,12
DA:18,12
DA:19,12
DA:20,12
DA:21,12
DA:22,12
DA:26,1
DA:27,1
DA:28,1
DA:33,10
DA:35,10
DA:36,1
DA:39,9
DA:42,9
DA:44,9
DA:45,1
DA:46,1
DA:49,8
DA:52,8
DA:53,8
DA:56,8
DA:57,1
DA:58,1
DA:61,7
DA:62,7
DA:63,7
DA:65,7
DA:67,7
DA:68,0
DA:69,0
DA:72,7
DA:73,1
DA:74,1
DA:78,6
DA:79,6
DA:80,6
DA:81,6
DA:83,6
DA:93,6
DA:94,1
DA:95,1
DA:96,1
DA:99,5
DA:100,5
DA:105,5
DA:118,5
DA:119,1
DA:120,1
DA:121,1
DA:129,1
DA:140,1
DA:141,1
DA:144,0
DA:145,0
DA:151,4
DA:153,1
DA:154,1
DA:156,1
DA:157,0
DA:158,0
DA:161,1
DA:162,0
DA:163,0
DA:165,1
DA:166,1
DA:167,1
DA:170,3
DA:172,0
DA:173,0
DA:174,0
DA:175,0
DA:177,0
DA:178,0
DA:179,0
DA:182,3
DA:183,1
DA:184,0
DA:185,0
DA:189,1
DA:190,1
DA:193,1
DA:194,0
DA:195,0
DA:198,1
DA:199,1
DA:201,1
DA:202,0
DA:203,0
DA:207,1
DA:211,1
DA:212,0
DA:213,0
DA:215,1
DA:217,1
DA:220,2
DA:221,0
DA:222,0
DA:223,0
DA:224,0
DA:225,0
DA:227,0
DA:228,0
DA:231,2
DA:232,0
DA:233,0
DA:234,0
DA:237,2
DA:238,0
DA:239,0
DA:240,0
DA:241,0
DA:244,2
DA:245,0
DA:246,0
DA:247,0
DA:249,0
DA:250,0
DA:252,0
DA:255,2
DA:256,0
DA:258,0
DA:261,2
DA:262,0
DA:264,0
DA:267,2
DA:268,1
DA:269,1
DA:270,0
DA:271,0
DA:273,1
DA:274,1
DA:275,1
DA:276,1
DA:277,1
DA:280,1
DA:281,0
DA:282,0
DA:283,0
DA:285,0
DA:286,0
DA:287,0
DA:289,0
DA:291,0
DA:294,1
DA:295,0
DA:296,0
DA:297,0
DA:298,0
DA:300,0
DA:301,0
DA:304,1
DA:306,0
DA:307,0
DA:308,0
DA:309,0
DA:312,1
DA:313,0
DA:315,0
DA:318,1
DA:319,0
DA:321,0
DA:324,1
DA:325,0
DA:326,0
DA:327,0
DA:329,0
DA:330,0
DA:331,0
DA:334,0
DA:335,0
DA:337,0
DA:338,0
DA:341,1
DA:342,0
DA:343,0
DA:344,0
DA:347,1
DA:350,0
DA:351,0
DA:354,1
DA:356,1
DA:357,1
DA:358,1
DA:361,0
DA:362,0
LF:197
LH:109
BRDA:27,0,0,0
BRDA:33,1,0,9
BRDA:33,1,1,1
BRDA:35,2,0,1
BRDA:35,3,0,10
BRDA:35,3,1,9
BRDA:44,4,0,1
BRDA:56,5,0,1
BRDA:61,6,0,7
BRDA:61,6,1,0
BRDA:61,7,0,0
BRDA:61,7,1,0
BRDA:62,8,0,0
BRDA:62,8,1,7
BRDA:63,9,0,0
BRDA:63,9,1,7
BRDA:67,10,0,0
BRDA:67,11,0,7
BRDA:67,11,1,7
BRDA:72,12,0,1
BRDA:93,13,0,1
BRDA:100,14,0,5
BRDA:100,14,1,2
BRDA:118,15,0,1
BRDA:123,16,0,0
BRDA:123,16,1,1
BRDA:124,17,0,0
BRDA:124,17,1,1
BRDA:125,18,0,0
BRDA:125,18,1,1
BRDA:140,19,0,1
BRDA:140,19,1,0
BRDA:151,20,0,1
BRDA:156,21,0,0
BRDA:156,22,0,1
BRDA:156,22,1,1
BRDA:161,23,0,0
BRDA:170,24,0,0
BRDA:173,25,0,0
BRDA:182,26,0,1
BRDA:182,27,0,3
BRDA:182,27,1,2
BRDA:183,28,0,0
BRDA:190,29,0,1
BRDA:190,29,1,0
BRDA:190,30,0,0
BRDA:190,30,1,0
BRDA:193,31,0,0
BRDA:198,32,0,1
BRDA:198,32,1,0
BRDA:201,33,0,0
BRDA:211,34,0,0
BRDA:211,34,1,1
BRDA:215,35,0,1
BRDA:215,35,1,0
BRDA:220,36,0,0
BRDA:221,37,0,0
BRDA:221,37,1,0
BRDA:222,38,0,0
BRDA:231,39,0,0
BRDA:237,40,0,0
BRDA:244,41,0,0
BRDA:245,42,0,0
BRDA:245,42,1,0
BRDA:246,43,0,0
BRDA:246,43,1,0
BRDA:255,44,0,0
BRDA:261,45,0,0
BRDA:267,46,0,1
BRDA:268,47,0,1
BRDA:268,47,1,0
BRDA:269,48,0,0
BRDA:280,49,0,0
BRDA:281,50,0,0
BRDA:281,50,1,0
BRDA:282,51,0,0
BRDA:282,51,1,0
BRDA:282,52,0,0
BRDA:282,52,1,0
BRDA:283,53,0,0
BRDA:283,53,1,0
BRDA:285,54,0,0
BRDA:289,55,0,0
BRDA:289,55,1,0
BRDA:294,56,0,0
BRDA:295,57,0,0
BRDA:295,57,1,0
BRDA:296,58,0,0
BRDA:296,59,0,0
BRDA:296,59,1,0
BRDA:300,60,0,0
BRDA:300,60,1,0
BRDA:304,61,0,0
BRDA:307,62,0,0
BRDA:307,62,1,0
BRDA:307,62,2,0
BRDA:312,63,0,0
BRDA:318,64,0,0
BRDA:319,65,0,0
BRDA:319,65,1,0
BRDA:324,66,0,0
BRDA:325,67,0,0
BRDA:325,67,1,0
BRDA:326,68,0,0
BRDA:326,68,1,0
BRDA:326,69,0,0
BRDA:326,69,1,0
BRDA:327,70,0,0
BRDA:327,70,1,0
BRDA:329,71,0,0
BRDA:334,72,0,0
BRDA:334,72,1,0
BRDA:334,73,0,0
BRDA:334,73,1,0
BRDA:337,74,0,0
BRDA:337,74,1,0
BRDA:341,75,0,0
BRDA:347,76,0,0
BRDA:354,77,0,1
BRDA:354,78,0,1
BRDA:354,78,1,0
BRDA:356,79,0,1
BRDA:356,79,1,0
BRF:123
BRH:36
end_of_record
TN:
SF:src/webhook/services/driver-identification.service.ts
FN:9,(anonymous_2)
FN:11,(anonymous_3)
FN:17,(anonymous_4)
FNF:3
FNH:3
FNDA:6,(anonymous_2)
FNDA:10,(anonymous_3)
FNDA:5,(anonymous_4)
DA:2,2
DA:3,2
DA:6,2
DA:7,6
DA:9,6
DA:12,10
DA:13,10
DA:14,10
DA:19,5
DA:22,5
DA:23,2
DA:26,5
DA:27,5
DA:30,5
DA:33,5
DA:34,5
DA:37,5
DA:40,5
DA:41,2
DA:42,2
DA:43,2
DA:44,2
DA:45,3
DA:46,3
DA:47,3
DA:48,3
DA:49,3
DA:52,5
DA:53,5
DA:56,5
DA:61,5
LF:31
LH:31
BRDA:12,0,0,5
BRDA:12,0,1,5
BRDA:13,1,0,5
BRDA:13,1,1,5
BRDA:22,2,0,2
BRDA:22,3,0,5
BRDA:22,3,1,2
BRDA:40,4,0,2
BRDA:40,4,1,3
BRDA:45,5,0,3
BRDA:45,6,0,3
BRDA:45,6,1,3
BRF:12
BRH:12
end_of_record
TN:
SF:src/webhook/services/message-responder.service.ts
FN:8,(anonymous_2)
FN:10,(anonymous_3)
FN:30,(anonymous_4)
FN:36,(anonymous_5)
FN:41,(anonymous_6)
FNF:5
FNH:5
FNDA:5,(anonymous_2)
FNDA:3,(anonymous_3)
FNDA:2,(anonymous_4)
FNDA:1,(anonymous_5)
FNDA:1,(anonymous_6)
DA:1,2
DA:2,2
DA:5,2
DA:6,5
DA:8,5
DA:11,3
DA:13,3
DA:14,1
DA:22,2
DA:31,2
DA:32,2
DA:33,2
DA:37,1
DA:38,1
DA:42,1
DA:43,1
DA:44,1
DA:45,1
LF:18
LH:18
BRDA:11,0,0,3
BRDA:11,0,1,2
BRDA:13,1,0,1
BRDA:18,2,0,1
BRDA:18,2,1,1
BRDA:24,3,0,2
BRDA:24,3,1,2
BRDA:25,4,0,2
BRDA:25,4,1,2
BRDA:26,5,0,2
BRDA:26,5,1,2
BRDA:43,6,0,0
BRDA:44,7,0,0
BRF:13
BRH:11
end_of_record
TN:
SF:src/webhook/services/normalization.service.ts
FN:6,(anonymous_1)
FN:9,(anonymous_2)
FN:22,(anonymous_3)
FN:63,(anonymous_4)
FNF:4
FNH:4
FNDA:12,(anonymous_1)
FNDA:11,(anonymous_2)
FNDA:5,(anonymous_3)
FNDA:6,(anonymous_4)
DA:2,2
DA:3,2
DA:6,2
DA:7,12
DA:10,11
DA:11,11
DA:12,5
DA:14,6
DA:17,1
DA:18,1
DA:23,5
DA:25,4
DA:26,4
DA:27,4
DA:29,4
DA:31,4
DA:32,4
DA:33,4
DA:34,4
DA:36,4
DA:38,1
DA:39,1
DA:40,1
DA:42,1
DA:43,1
DA:44,1
DA:45,1
DA:48,1
DA:49,1
DA:50,1
DA:52,1
DA:53,1
DA:54,1
DA:55,1
DA:57,0
DA:60,4
DA:65,6
DA:66,6
DA:67,6
DA:69,6
DA:71,4
DA:72,4
DA:73,1
DA:74,1
DA:75,3
DA:76,1
DA:77,1
DA:78,2
DA:79,1
DA:80,1
DA:81,1
DA:82,1
DA:83,1
DA:84,1
DA:85,1
DA:87,1
DA:89,1
DA:90,1
DA:91,1
DA:92,1
DA:93,1
DA:94,1
DA:100,5
DA:102,5
DA:103,5
DA:104,5
DA:105,5
DA:106,5
DA:108,5
LF:69
LH:68
BRDA:11,0,0,5
BRDA:11,0,1,6
BRDA:23,1,0,1
BRDA:23,2,0,5
BRDA:23,2,1,4
BRDA:29,3,0,0
BRDA:29,4,0,4
BRDA:29,4,1,4
BRDA:36,5,0,1
BRDA:36,5,1,1
BRDA:36,5,2,1
BRDA:36,5,3,1
BRDA:36,5,4,1
BRDA:36,5,5,0
BRDA:49,6,0,1
BRDA:49,6,1,0
BRDA:69,7,0,4
BRDA:69,7,1,1
BRDA:72,8,0,1
BRDA:72,8,1,3
BRDA:75,9,0,1
BRDA:75,9,1,2
BRDA:78,10,0,1
BRDA:78,10,1,1
BRDA:82,11,0,1
BRDA:87,12,0,1
BRDA:90,13,0,1
BRDA:92,14,0,1
BRDA:100,15,0,0
BRDA:100,16,0,5
BRDA:100,16,1,5
BRF:31
BRH:27
end_of_record
TN:
SF:src/webhook/services/route-command.service.ts
FN:8,(anonymous_2)
FN:10,(anonymous_3)
FN:24,(anonymous_4)
FN:38,(anonymous_5)
FN:55,(anonymous_6)
FN:70,(anonymous_7)
FNF:6
FNH:6
FNDA:10,(anonymous_2)
FNDA:1,(anonymous_3)
FNDA:1,(anonymous_4)
FNDA:3,(anonymous_5)
FNDA:3,(anonymous_6)
FNDA:1,(anonymous_7)
DA:1,2
DA:2,2
DA:5,2
DA:6,10
DA:8,10
DA:11,1
DA:16,1
DA:21,1
DA:25,1
DA:30,1
DA:35,1
DA:39,3
DA:52,3
DA:56,3
DA:57,3
DA:59,3
DA:60,2
DA:61,1
DA:63,3
DA:68,3
DA:71,1
DA:75,1
LF:22
LH:22
BRDA:59,0,0,1
BRDA:59,0,1,2
BRDA:60,1,0,1
BRDA:60,1,1,1
BRDA:61,2,0,1
BRF:5
BRH:5
end_of_record
TN:
SF:src/whatsapp/whatsapp.service.ts
FN:17,(anonymous_1)
FN:23,(anonymous_2)
FN:60,(anonymous_3)
FN:75,(anonymous_4)
FN:90,(anonymous_5)
FN:97,(anonymous_6)
FN:104,(anonymous_7)
FN:111,(anonymous_8)
FN:118,(anonymous_9)
FNF:9
FNH:9
FNDA:14,(anonymous_1)
FNDA:16,(anonymous_2)
FNDA:9,(anonymous_3)
FNDA:1,(anonymous_4)
FNDA:2,(anonymous_5)
FNDA:1,(anonymous_6)
FNDA:2,(anonymous_7)
FNDA:1,(anonymous_8)
FNDA:16,(anonymous_9)
DA:1,5
DA:3,5
DA:4,5
DA:17,5
DA:18,14
DA:21,14
DA:25,16
DA:29,16
DA:30,1
DA:33,15
DA:35,15
DA:36,14
DA:37,13
DA:43,1
DA:44,1
DA:45,1
DA:53,15
DA:54,14
DA:57,15
DA:61,9
DA:63,9
DA:65,9
DA:67,9
DA:68,1
DA:69,1
DA:72,8
DA:76,1
DA:78,1
DA:80,1
DA:82,1
DA:83,0
DA:84,0
DA:87,1
DA:91,2
DA:92,2
DA:93,2
DA:94,2
DA:98,1
DA:99,1
DA:100,1
DA:101,1
DA:105,2
DA:106,2
DA:107,2
DA:108,2
DA:112,1
DA:113,1
DA:114,1
DA:115,1
DA:119,16
LF:50
LH:48
BRDA:25,0,0,15
BRDA:25,0,1,1
BRDA:29,1,0,1
BRDA:35,2,0,14
BRDA:35,2,1,1
BRDA:36,3,0,13
BRDA:36,4,0,14
BRDA:36,4,1,13
BRDA:43,5,0,1
BRDA:44,6,0,1
BRDA:44,7,0,1
BRDA:44,7,1,1
BRDA:53,8,0,14
BRDA:67,9,0,1
BRDA:82,10,0,0
BRDA:93,11,0,0
BRDA:100,12,0,0
BRDA:107,13,0,0
BRDA:114,14,0,0
BRDA:119,15,0,16
BRDA:119,15,1,1
BRF:21
BRH:16
end_of_record
TN:
SF:src/whatsapp/providers/sendpulse.provider.ts
FN:11,(anonymous_0)
FN:18,(anonymous_1)
FN:47,(anonymous_2)
FN:88,(anonymous_3)
FN:94,(anonymous_4)
FN:137,(anonymous_5)
FN:158,(anonymous_6)
FN:197,(anonymous_7)
FN:202,(anonymous_8)
FN:206,(anonymous_9)
FN:211,(anonymous_10)
FN:217,(anonymous_11)
FN:223,(anonymous_12)
FNF:13
FNH:0
FNDA:0,(anonymous_0)
FNDA:0,(anonymous_1)
FNDA:0,(anonymous_2)
FNDA:0,(anonymous_3)
FNDA:0,(anonymous_4)
FNDA:0,(anonymous_5)
FNDA:0,(anonymous_6)
FNDA:0,(anonymous_7)
FNDA:0,(anonymous_8)
FNDA:0,(anonymous_9)
FNDA:0,(anonymous_10)
FNDA:0,(anonymous_11)
FNDA:0,(anonymous_12)
DA:1,5
DA:2,5
DA:5,5
DA:6,0
DA:7,0
DA:8,0
DA:9,0
DA:12,0
DA:13,0
DA:14,0
DA:19,0
DA:21,0
DA:22,0
DA:25,0
DA:26,0
DA:27,0
DA:33,0
DA:35,0
DA:36,0
DA:38,0
DA:42,0
DA:49,0
DA:50,0
DA:55,0
DA:57,0
DA:58,0
DA:59,0
DA:63,0
DA:64,0
DA:69,0
DA:70,0
DA:71,0
DA:77,0
DA:78,0
DA:79,0
DA:82,0
DA:85,0
DA:89,0
DA:95,0
DA:96,0
DA:97,0
DA:100,0
DA:101,0
DA:102,0
DA:103,0
DA:106,0
DA:107,0
DA:110,0
DA:111,0
DA:112,0
DA:115,0
DA:118,0
DA:124,0
DA:126,0
DA:130,0
DA:132,0
DA:133,0
DA:138,0
DA:140,0
DA:141,0
DA:142,0
DA:143,0
DA:146,0
DA:147,0
DA:149,0
DA:150,0
DA:151,0
DA:154,0
DA:158,0
DA:163,0
DA:181,0
DA:182,0
DA:185,0
DA:188,0
DA:189,0
DA:198,0
DA:199,0
DA:203,0
DA:207,0
DA:208,0
DA:213,0
DA:221,0
DA:223,0
DA:224,0
DA:226,0
LF:85
LH:3
BRDA:21,0,0,0
BRDA:21,1,0,0
BRDA:21,1,1,0
BRDA:55,2,0,0
BRDA:55,3,0,0
BRDA:55,3,1,0
BRDA:55,3,2,0
BRDA:63,4,0,0
BRDA:77,5,0,0
BRDA:77,6,0,0
BRDA:77,6,1,0
BRDA:77,6,2,0
BRDA:89,7,0,0
BRDA:89,7,1,0
BRDA:95,8,0,0
BRDA:95,9,0,0
BRDA:95,9,1,0
BRDA:101,10,0,0
BRDA:111,11,0,0
BRDA:111,12,0,0
BRDA:111,12,1,0
BRDA:132,13,0,0
BRDA:132,13,1,0
BRDA:138,14,0,0
BRDA:138,15,0,0
BRDA:138,15,1,0
BRDA:141,16,0,0
BRDA:150,17,0,0
BRDA:150,18,0,0
BRDA:150,18,1,0
BRDA:188,19,0,0
BRDA:188,19,1,0
BRDA:199,20,0,0
BRDA:199,20,1,0
BRDA:213,21,0,0
BRDA:213,21,1,0
BRF:36
BRH:0
end_of_record
TN:
SF:src/whatsapp/providers/zapi.provider.ts
FN:9,(anonymous_0)
FN:15,(anonymous_1)
FN:50,(anonymous_2)
FN:58,(anonymous_3)
FN:62,(anonymous_4)
FN:66,(anonymous_5)
FN:91,(anonymous_6)
FN:115,(anonymous_7)
FN:140,(anonymous_8)
FN:149,(anonymous_9)
FN:154,(anonymous_10)
FNF:11
FNH:0
FNDA:0,(anonymous_0)
FNDA:0,(anonymous_1)
FNDA:0,(anonymous_2)
FNDA:0,(anonymous_3)
FNDA:0,(anonymous_4)
FNDA:0,(anonymous_5)
FNDA:0,(anonymous_6)
FNDA:0,(anonymous_7)
FNDA:0,(anonymous_8)
FNDA:0,(anonymous_9)
FNDA:0,(anonymous_10)
DA:1,5
DA:2,5
DA:5,5
DA:6,0
DA:7,0
DA:10,0
DA:11,0
DA:12,0
DA:16,0
DA:17,0
DA:18,0
DA:21,0
DA:22,0
DA:23,0
DA:25,0
DA:27,0
DA:28,0
DA:29,0
DA:32,0
DA:41,0
DA:43,0
DA:46,0
DA:53,0
DA:54,0
DA:55,0
DA:59,0
DA:63,0
DA:67,0
DA:68,0
DA:69,0
DA:70,0
DA:72,0
DA:74,0
DA:75,0
DA:77,0
DA:87,0
DA:92,0
DA:93,0
DA:94,0
DA:95,0
DA:97,0
DA:99,0
DA:100,0
DA:102,0
DA:111,0
DA:116,0
DA:118,0
DA:119,0
DA:120,0
DA:130,0
DA:132,0
DA:134,0
DA:135,0
DA:137,0
DA:140,0
DA:147,0
DA:149,0
DA:150,0
DA:155,0
DA:156,0
DA:157,0
DA:158,0
DA:160,0
DA:162,0
DA:163,0
DA:165,0
DA:166,0
DA:167,0
DA:168,0
DA:170,0
DA:173,0
DA:176,0
LF:72
LH:3
BRDA:16,0,0,0
BRDA:16,1,0,0
BRDA:16,1,1,0
BRDA:28,2,0,0
BRDA:43,3,0,0
BRDA:43,3,1,0
BRDA:67,4,0,0
BRDA:67,5,0,0
BRDA:67,5,1,0
BRDA:75,6,0,0
BRDA:79,7,0,0
BRDA:79,7,1,0
BRDA:82,8,0,0
BRDA:82,8,1,0
BRDA:92,9,0,0
BRDA:92,10,0,0
BRDA:92,10,1,0
BRDA:100,11,0,0
BRDA:106,12,0,0
BRDA:106,12,1,0
BRDA:107,13,0,0
BRDA:107,13,1,0
BRDA:116,14,0,0
BRDA:116,15,0,0
BRDA:116,15,1,0
BRDA:135,16,0,0
BRDA:155,17,0,0
BRDA:155,18,0,0
BRDA:155,18,1,0
BRDA:163,19,0,0
BRDA:166,20,0,0
BRDA:166,20,1,0
BRDA:168,21,0,0
BRF:33
BRH:0
end_of_record
